2023-05-30 09:59:40,197 - INFO - [09:59:40.193] - FW get address from partiton file Z:\BouffalolabWS\bouffalo_sdk_all\examples\wifi\sta\wifi_mqtt_sub\./build/build_out\partition.bin
2023-05-30 09:59:40,214 - INFO - [09:59:40.213] - Address=0x10000
2023-05-30 09:59:40,217 - INFO - [09:59:40.217] - Program Start
2023-05-30 09:59:40,217 - INFO - [09:59:40.217] - ========= eflash loader cmd arguments =========
2023-05-30 09:59:40,224 - INFO - [09:59:40.224] - serial port is COM6 (PROG)
2023-05-30 09:59:40,224 - INFO - [09:59:40.224] - chiptype: bl616
2023-05-30 09:59:40,224 - INFO - [09:59:40.224] - cpu_reset=False
2023-05-30 09:59:40,333 - INFO - [09:59:40.333] - com speed: 2000000
2023-05-30 09:59:40,333 - INFO - [09:59:40.333] - ========= Interface is uart =========
2023-05-30 09:59:40,333 - INFO - [09:59:40.333] - Bootrom load
2023-05-30 09:59:40,333 - INFO - [09:59:40.333] - ========= get_boot_info =========
2023-05-30 09:59:40,333 - INFO - [09:59:40.333] - ========= image get bootinfo =========
2023-05-30 09:59:40,340 - INFO - [09:59:40.340] - default set DTR high
2023-05-30 09:59:40,446 - INFO - [09:59:40.445] - usb serial port
2023-05-30 09:59:40,507 - INFO - [09:59:40.507] - clean buf
2023-05-30 09:59:40,511 - INFO - [09:59:40.511] - send sync
2023-05-30 09:59:40,727 - INFO - [09:59:40.727] - ack is b'4f4b'
2023-05-30 09:59:40,732 - INFO - [09:59:40.732] - shake hand success
2023-05-30 09:59:41,242 - INFO - [09:59:41.242] - data read is b'010016060000010027128901c930da1017a89d000f758010'
2023-05-30 09:59:41,243 - INFO - [09:59:41.243] - ========= ChipID: a81710da30c9 =========
2023-05-30 09:59:41,243 - INFO - [09:59:41.243] - Get bootinfo time cost(ms): 909.98388671875
2023-05-30 09:59:41,243 - INFO - [09:59:41.243] - change bdrate: 2000000
2023-05-30 09:59:41,243 - INFO - [09:59:41.243] - Clock PLL set
2023-05-30 09:59:41,245 - INFO - [09:59:41.245] - Set clock time cost(ms): 2.013671875
2023-05-30 09:59:41,381 - INFO - [09:59:41.381] - Read mac addr
2023-05-30 09:59:41,382 - INFO - [09:59:41.382] - MACADDR: a81710da30c9
2023-05-30 09:59:41,382 - INFO - [09:59:41.382] - flash set para
2023-05-30 09:59:41,382 - INFO - [09:59:41.382] - get flash pin cfg from bootinfo: 0x24
2023-05-30 09:59:41,382 - INFO - [09:59:41.382] - set flash cfg: 1014124
2023-05-30 09:59:41,382 - INFO - [09:59:41.382] - Set flash config
2023-05-30 09:59:41,384 - INFO - [09:59:41.384] - Set para time cost(ms): 1.541748046875
2023-05-30 09:59:41,384 - INFO - [09:59:41.384] - ========= flash read jedec ID =========
2023-05-30 09:59:41,385 - INFO - [09:59:41.385] - Read flash jedec ID
2023-05-30 09:59:41,385 - INFO - [09:59:41.385] - readdata:
2023-05-30 09:59:41,385 - INFO - [09:59:41.385] - b'ef401700'
2023-05-30 09:59:41,385 - INFO - [09:59:41.385] - Finished
2023-05-30 09:59:41,386 - INFO - [09:59:41.386] - flash config Not found,use default
2023-05-30 09:59:41,386 - INFO - [09:59:41.386] - jedec_id:ef4017
2023-05-30 09:59:41,386 - INFO - [09:59:41.386] - capacity_id:23
2023-05-30 09:59:41,386 - INFO - [09:59:41.386] - capacity:8.0M
2023-05-30 09:59:41,386 - INFO - [09:59:41.386] - get flash size: 0x00800000
2023-05-30 09:59:41,386 - INFO - [09:59:41.386] - Program operation
2023-05-30 09:59:41,387 - INFO - [09:59:41.387] - Dealing Index 0
2023-05-30 09:59:41,387 - INFO - [09:59:41.387] - ========= programming Z:\BouffalolabWS\bouffalo_sdk_all\examples\wifi\sta\wifi_mqtt_sub\.\build\build_out\boot2_bl616_release_v8.0.8.bin to 0x000000
2023-05-30 09:59:41,392 - INFO - [09:59:41.392] - flash para file: D:\BouffaloLabWS\bouffalo_flash_cube\v1.0.6\chips/bl616/efuse_bootheader/flash_para.bin
2023-05-30 09:59:41,392 - INFO - [09:59:41.392] - Set flash config
2023-05-30 09:59:41,395 - INFO - [09:59:41.395] - Set para time cost(ms): 3.51318359375
2023-05-30 09:59:41,395 - INFO - [09:59:41.395] - ========= flash load =========
2023-05-30 09:59:41,397 - INFO - [09:59:41.397] - ========= flash erase =========
2023-05-30 09:59:41,397 - INFO - [09:59:41.397] - Erase flash  from 0x0 to 0xb0ef
2023-05-30 09:59:41,822 - INFO - [09:59:41.822] - Erase time cost(ms): 425.181640625
2023-05-30 09:59:41,838 - INFO - [09:59:41.838] - decompress flash load 23112
2023-05-30 09:59:41,849 - INFO - [09:59:41.849] - Load 2048/23112 {"progress":8}
2023-05-30 09:59:41,877 - INFO - [09:59:41.877] - Load 4096/23112 {"progress":17}
2023-05-30 09:59:41,893 - INFO - [09:59:41.893] - Load 6144/23112 {"progress":26}
2023-05-30 09:59:41,907 - INFO - [09:59:41.907] - Load 8192/23112 {"progress":35}
2023-05-30 09:59:41,924 - INFO - [09:59:41.923] - Load 10240/23112 {"progress":44}
2023-05-30 09:59:41,940 - INFO - [09:59:41.940] - Load 12288/23112 {"progress":53}
2023-05-30 09:59:41,957 - INFO - [09:59:41.956] - Load 14336/23112 {"progress":62}
2023-05-30 09:59:41,974 - INFO - [09:59:41.974] - Load 16384/23112 {"progress":70}
2023-05-30 09:59:41,985 - INFO - [09:59:41.985] - Load 18432/23112 {"progress":79}
2023-05-30 09:59:42,002 - INFO - [09:59:42.002] - Load 20480/23112 {"progress":88}
2023-05-30 09:59:42,018 - INFO - [09:59:42.018] - Load 22528/23112 {"progress":97}
2023-05-30 09:59:42,034 - INFO - [09:59:42.034] - Load 23112/23112 {"progress":100}
2023-05-30 09:59:42,035 - INFO - [09:59:42.035] - Load 23112/23112 {"progress":100}
2023-05-30 09:59:42,035 - INFO - [09:59:42.035] - Write check
2023-05-30 09:59:42,048 - INFO - [09:59:42.048] - Flash load time cost(ms): 224.653564453125
2023-05-30 09:59:42,049 - INFO - [09:59:42.048] - Finished
2023-05-30 09:59:42,051 - INFO - [09:59:42.051] - Sha caled by host: 5d4b8621db7bfa71251c92ae8e0bf4c6952ee2aa558ecf6129e858c6f1b9ff0a
2023-05-30 09:59:42,051 - INFO - [09:59:42.051] - xip mode Verify
2023-05-30 09:59:42,091 - INFO - [09:59:42.091] - Read Sha256/45296
2023-05-30 09:59:42,091 - INFO - [09:59:42.091] - Flash xip readsha time cost(ms): 38.530517578125
2023-05-30 09:59:42,091 - INFO - [09:59:42.091] - Finished
2023-05-30 09:59:42,092 - INFO - [09:59:42.092] - Sha caled by dev: 5d4b8621db7bfa71251c92ae8e0bf4c6952ee2aa558ecf6129e858c6f1b9ff0a
2023-05-30 09:59:42,092 - INFO - [09:59:42.092] - Verify success
2023-05-30 09:59:42,093 - INFO - [09:59:42.093] - Dealing Index 1
2023-05-30 09:59:42,093 - INFO - [09:59:42.093] - ========= programming Z:\BouffalolabWS\bouffalo_sdk_all\examples\wifi\sta\wifi_mqtt_sub\.\build\build_out\partition.bin to 0xE000
2023-05-30 09:59:42,097 - INFO - [09:59:42.096] - flash para file: D:\BouffaloLabWS\bouffalo_flash_cube\v1.0.6\chips/bl616/efuse_bootheader/flash_para.bin
2023-05-30 09:59:42,097 - INFO - [09:59:42.097] - Set flash config
2023-05-30 09:59:42,100 - INFO - [09:59:42.100] - Set para time cost(ms): 2.01904296875
2023-05-30 09:59:42,100 - INFO - [09:59:42.100] - ========= flash load =========
2023-05-30 09:59:42,103 - INFO - [09:59:42.103] - ========= flash erase =========
2023-05-30 09:59:42,103 - INFO - [09:59:42.103] - Erase flash  from 0xe000 to 0xe133
2023-05-30 09:59:42,171 - INFO - [09:59:42.170] - Erase time cost(ms): 66.457275390625
2023-05-30 09:59:42,174 - INFO - [09:59:42.174] - Load 308/308 {"progress":100}
2023-05-30 09:59:42,175 - INFO - [09:59:42.175] - Load 308/308 {"progress":100}
2023-05-30 09:59:42,175 - INFO - [09:59:42.175] - Write check
2023-05-30 09:59:42,177 - INFO - [09:59:42.176] - Flash load time cost(ms): 4.546142578125
2023-05-30 09:59:42,177 - INFO - [09:59:42.177] - Finished
2023-05-30 09:59:42,179 - INFO - [09:59:42.179] - Sha caled by host: 99c055a2a7279c04d989a2a270106d2e2584a2d5773b57e40b3af0d87f623d12
2023-05-30 09:59:42,179 - INFO - [09:59:42.179] - xip mode Verify
2023-05-30 09:59:42,181 - INFO - [09:59:42.181] - Read Sha256/308
2023-05-30 09:59:42,181 - INFO - [09:59:42.181] - Flash xip readsha time cost(ms): 1.000732421875
2023-05-30 09:59:42,181 - INFO - [09:59:42.181] - Finished
2023-05-30 09:59:42,182 - INFO - [09:59:42.182] - Sha caled by dev: 99c055a2a7279c04d989a2a270106d2e2584a2d5773b57e40b3af0d87f623d12
2023-05-30 09:59:42,182 - INFO - [09:59:42.182] - Verify success
2023-05-30 09:59:42,184 - INFO - [09:59:42.184] - Dealing Index 2
2023-05-30 09:59:42,184 - INFO - [09:59:42.184] - ========= programming Z:\BouffalolabWS\bouffalo_sdk_all\examples\wifi\sta\wifi_mqtt_sub\.\build\build_out\wifi_mqtt_sub_bl616.bin to 0x10000
2023-05-30 09:59:42,186 - INFO - [09:59:42.186] - flash para file: D:\BouffaloLabWS\bouffalo_flash_cube\v1.0.6\chips/bl616/efuse_bootheader/flash_para.bin
2023-05-30 09:59:42,187 - INFO - [09:59:42.187] - Set flash config
2023-05-30 09:59:42,189 - INFO - [09:59:42.189] - Set para time cost(ms): 2.001220703125
2023-05-30 09:59:42,189 - INFO - [09:59:42.189] - ========= flash load =========
2023-05-30 09:59:42,192 - INFO - [09:59:42.192] - ========= flash erase =========
2023-05-30 09:59:42,192 - INFO - [09:59:42.192] - Erase flash  from 0x10000 to 0xfb0bf
2023-05-30 09:59:45,941 - INFO - [09:59:45.941] - Erase time cost(ms): 3749.729248046875
2023-05-30 09:59:46,198 - INFO - [09:59:46.198] - decompress flash load 562548
2023-05-30 09:59:46,211 - INFO - [09:59:46.211] - Load 2048/562548 {"progress":0}
2023-05-30 09:59:46,238 - INFO - [09:59:46.238] - Load 4096/562548 {"progress":0}
2023-05-30 09:59:46,254 - INFO - [09:59:46.254] - Load 6144/562548 {"progress":1}
2023-05-30 09:59:46,272 - INFO - [09:59:46.272] - Load 8192/562548 {"progress":1}
2023-05-30 09:59:46,284 - INFO - [09:59:46.284] - Load 10240/562548 {"progress":1}
2023-05-30 09:59:46,301 - INFO - [09:59:46.301] - Load 12288/562548 {"progress":2}
2023-05-30 09:59:46,317 - INFO - [09:59:46.316] - Load 14336/562548 {"progress":2}
2023-05-30 09:59:46,329 - INFO - [09:59:46.329] - Load 16384/562548 {"progress":2}
2023-05-30 09:59:46,345 - INFO - [09:59:46.345] - Load 18432/562548 {"progress":3}
2023-05-30 09:59:46,361 - INFO - [09:59:46.361] - Load 20480/562548 {"progress":3}
2023-05-30 09:59:46,379 - INFO - [09:59:46.379] - Load 22528/562548 {"progress":4}
2023-05-30 09:59:46,390 - INFO - [09:59:46.390] - Load 24576/562548 {"progress":4}
2023-05-30 09:59:46,407 - INFO - [09:59:46.407] - Load 26624/562548 {"progress":4}
2023-05-30 09:59:46,423 - INFO - [09:59:46.422] - Load 28672/562548 {"progress":5}
2023-05-30 09:59:46,439 - INFO - [09:59:46.439] - Load 30720/562548 {"progress":5}
2023-05-30 09:59:46,456 - INFO - [09:59:46.456] - Load 32768/562548 {"progress":5}
2023-05-30 09:59:46,473 - INFO - [09:59:46.473] - Load 34816/562548 {"progress":6}
2023-05-30 09:59:46,485 - INFO - [09:59:46.485] - Load 36864/562548 {"progress":6}
2023-05-30 09:59:46,501 - INFO - [09:59:46.501] - Load 38912/562548 {"progress":6}
2023-05-30 09:59:46,518 - INFO - [09:59:46.517] - Load 40960/562548 {"progress":7}
2023-05-30 09:59:46,535 - INFO - [09:59:46.534] - Load 43008/562548 {"progress":7}
2023-05-30 09:59:46,547 - INFO - [09:59:46.547] - Load 45056/562548 {"progress":8}
2023-05-30 09:59:46,563 - INFO - [09:59:46.563] - Load 47104/562548 {"progress":8}
2023-05-30 09:59:46,579 - INFO - [09:59:46.579] - Load 49152/562548 {"progress":8}
2023-05-30 09:59:46,597 - INFO - [09:59:46.596] - Load 51200/562548 {"progress":9}
2023-05-30 09:59:46,608 - INFO - [09:59:46.608] - Load 53248/562548 {"progress":9}
2023-05-30 09:59:46,626 - INFO - [09:59:46.625] - Load 55296/562548 {"progress":9}
2023-05-30 09:59:46,642 - INFO - [09:59:46.642] - Load 57344/562548 {"progress":10}
2023-05-30 09:59:46,659 - INFO - [09:59:46.659] - Load 59392/562548 {"progress":10}
2023-05-30 09:59:46,676 - INFO - [09:59:46.676] - Load 61440/562548 {"progress":10}
2023-05-30 09:59:46,692 - INFO - [09:59:46.692] - Load 63488/562548 {"progress":11}
2023-05-30 09:59:46,709 - INFO - [09:59:46.708] - Load 65536/562548 {"progress":11}
2023-05-30 09:59:46,720 - INFO - [09:59:46.720] - Load 67584/562548 {"progress":12}
2023-05-30 09:59:46,737 - INFO - [09:59:46.737] - Load 69632/562548 {"progress":12}
2023-05-30 09:59:46,752 - INFO - [09:59:46.752] - Load 71680/562548 {"progress":12}
2023-05-30 09:59:46,770 - INFO - [09:59:46.770] - Load 73728/562548 {"progress":13}
2023-05-30 09:59:46,786 - INFO - [09:59:46.786] - Load 75776/562548 {"progress":13}
2023-05-30 09:59:46,798 - INFO - [09:59:46.798] - Load 77824/562548 {"progress":13}
2023-05-30 09:59:46,814 - INFO - [09:59:46.814] - Load 79872/562548 {"progress":14}
2023-05-30 09:59:46,831 - INFO - [09:59:46.831] - Load 81920/562548 {"progress":14}
2023-05-30 09:59:46,848 - INFO - [09:59:46.848] - Load 83968/562548 {"progress":14}
2023-05-30 09:59:46,861 - INFO - [09:59:46.860] - Load 86016/562548 {"progress":15}
2023-05-30 09:59:46,877 - INFO - [09:59:46.877] - Load 88064/562548 {"progress":15}
2023-05-30 09:59:46,894 - INFO - [09:59:46.892] - Load 90112/562548 {"progress":16}
2023-05-30 09:59:46,909 - INFO - [09:59:46.909] - Load 92160/562548 {"progress":16}
2023-05-30 09:59:46,927 - INFO - [09:59:46.927] - Load 94208/562548 {"progress":16}
2023-05-30 09:59:46,943 - INFO - [09:59:46.943] - Load 96256/562548 {"progress":17}
2023-05-30 09:59:46,956 - INFO - [09:59:46.955] - Load 98304/562548 {"progress":17}
2023-05-30 09:59:46,972 - INFO - [09:59:46.972] - Load 100352/562548 {"progress":17}
2023-05-30 09:59:46,988 - INFO - [09:59:46.988] - Load 102400/562548 {"progress":18}
2023-05-30 09:59:47,005 - INFO - [09:59:47.005] - Load 104448/562548 {"progress":18}
2023-05-30 09:59:47,022 - INFO - [09:59:47.022] - Load 106496/562548 {"progress":18}
2023-05-30 09:59:47,035 - INFO - [09:59:47.033] - Load 108544/562548 {"progress":19}
2023-05-30 09:59:47,050 - INFO - [09:59:47.050] - Load 110592/562548 {"progress":19}
2023-05-30 09:59:47,068 - INFO - [09:59:47.068] - Load 112640/562548 {"progress":20}
2023-05-30 09:59:47,084 - INFO - [09:59:47.084] - Load 114688/562548 {"progress":20}
2023-05-30 09:59:47,096 - INFO - [09:59:47.096] - Load 116736/562548 {"progress":20}
2023-05-30 09:59:47,112 - INFO - [09:59:47.112] - Load 118784/562548 {"progress":21}
2023-05-30 09:59:47,129 - INFO - [09:59:47.129] - Load 120832/562548 {"progress":21}
2023-05-30 09:59:47,145 - INFO - [09:59:47.145] - Load 122880/562548 {"progress":21}
2023-05-30 09:59:47,158 - INFO - [09:59:47.158] - Load 124928/562548 {"progress":22}
2023-05-30 09:59:47,174 - INFO - [09:59:47.173] - Load 126976/562548 {"progress":22}
2023-05-30 09:59:47,190 - INFO - [09:59:47.189] - Load 129024/562548 {"progress":22}
2023-05-30 09:59:47,207 - INFO - [09:59:47.206] - Load 131072/562548 {"progress":23}
2023-05-30 09:59:47,223 - INFO - [09:59:47.223] - Load 133120/562548 {"progress":23}
2023-05-30 09:59:47,236 - INFO - [09:59:47.236] - Load 135168/562548 {"progress":24}
2023-05-30 09:59:47,254 - INFO - [09:59:47.254] - Load 137216/562548 {"progress":24}
2023-05-30 09:59:47,270 - INFO - [09:59:47.270] - Load 139264/562548 {"progress":24}
2023-05-30 09:59:47,286 - INFO - [09:59:47.286] - Load 141312/562548 {"progress":25}
2023-05-30 09:59:47,303 - INFO - [09:59:47.302] - Load 143360/562548 {"progress":25}
2023-05-30 09:59:47,319 - INFO - [09:59:47.319] - Load 145408/562548 {"progress":25}
2023-05-30 09:59:47,335 - INFO - [09:59:47.335] - Load 147456/562548 {"progress":26}
2023-05-30 09:59:47,353 - INFO - [09:59:47.353] - Load 149504/562548 {"progress":26}
2023-05-30 09:59:47,370 - INFO - [09:59:47.370] - Load 151552/562548 {"progress":26}
2023-05-30 09:59:47,388 - INFO - [09:59:47.388] - Load 153600/562548 {"progress":27}
2023-05-30 09:59:47,401 - INFO - [09:59:47.401] - Load 155648/562548 {"progress":27}
2023-05-30 09:59:47,417 - INFO - [09:59:47.417] - Load 157696/562548 {"progress":28}
2023-05-30 09:59:47,434 - INFO - [09:59:47.433] - Load 159744/562548 {"progress":28}
2023-05-30 09:59:47,447 - INFO - [09:59:47.447] - Load 161792/562548 {"progress":28}
2023-05-30 09:59:47,464 - INFO - [09:59:47.464] - Load 163840/562548 {"progress":29}
2023-05-30 09:59:47,481 - INFO - [09:59:47.479] - Load 165888/562548 {"progress":29}
2023-05-30 09:59:47,496 - INFO - [09:59:47.496] - Load 167936/562548 {"progress":29}
2023-05-30 09:59:47,513 - INFO - [09:59:47.513] - Load 169984/562548 {"progress":30}
2023-05-30 09:59:47,529 - INFO - [09:59:47.529] - Load 172032/562548 {"progress":30}
2023-05-30 09:59:47,547 - INFO - [09:59:47.547] - Load 174080/562548 {"progress":30}
2023-05-30 09:59:47,564 - INFO - [09:59:47.564] - Load 176128/562548 {"progress":31}
2023-05-30 09:59:47,578 - INFO - [09:59:47.577] - Load 178176/562548 {"progress":31}
2023-05-30 09:59:47,594 - INFO - [09:59:47.593] - Load 180224/562548 {"progress":32}
2023-05-30 09:59:47,611 - INFO - [09:59:47.611] - Load 182272/562548 {"progress":32}
2023-05-30 09:59:47,627 - INFO - [09:59:47.627] - Load 184320/562548 {"progress":32}
2023-05-30 09:59:47,644 - INFO - [09:59:47.644] - Load 186368/562548 {"progress":33}
2023-05-30 09:59:47,660 - INFO - [09:59:47.660] - Load 188416/562548 {"progress":33}
2023-05-30 09:59:47,677 - INFO - [09:59:47.676] - Load 190464/562548 {"progress":33}
2023-05-30 09:59:47,693 - INFO - [09:59:47.693] - Load 192512/562548 {"progress":34}
2023-05-30 09:59:47,709 - INFO - [09:59:47.709] - Load 194560/562548 {"progress":34}
2023-05-30 09:59:47,726 - INFO - [09:59:47.726] - Load 196608/562548 {"progress":34}
2023-05-30 09:59:47,744 - INFO - [09:59:47.743] - Load 198656/562548 {"progress":35}
2023-05-30 09:59:47,757 - INFO - [09:59:47.757] - Load 200704/562548 {"progress":35}
2023-05-30 09:59:47,773 - INFO - [09:59:47.773] - Load 202752/562548 {"progress":36}
2023-05-30 09:59:47,789 - INFO - [09:59:47.789] - Load 204800/562548 {"progress":36}
2023-05-30 09:59:47,806 - INFO - [09:59:47.805] - Load 206848/562548 {"progress":36}
2023-05-30 09:59:47,817 - INFO - [09:59:47.817] - Load 208896/562548 {"progress":37}
2023-05-30 09:59:47,834 - INFO - [09:59:47.834] - Load 210944/562548 {"progress":37}
2023-05-30 09:59:47,850 - INFO - [09:59:47.850] - Load 212992/562548 {"progress":37}
2023-05-30 09:59:47,866 - INFO - [09:59:47.866] - Load 215040/562548 {"progress":38}
2023-05-30 09:59:47,883 - INFO - [09:59:47.883] - Load 217088/562548 {"progress":38}
2023-05-30 09:59:47,896 - INFO - [09:59:47.895] - Load 219136/562548 {"progress":38}
2023-05-30 09:59:47,912 - INFO - [09:59:47.912] - Load 221184/562548 {"progress":39}
2023-05-30 09:59:47,929 - INFO - [09:59:47.928] - Load 223232/562548 {"progress":39}
2023-05-30 09:59:47,944 - INFO - [09:59:47.944] - Load 225280/562548 {"progress":40}
2023-05-30 09:59:47,957 - INFO - [09:59:47.957] - Load 227328/562548 {"progress":40}
2023-05-30 09:59:47,973 - INFO - [09:59:47.973] - Load 229376/562548 {"progress":40}
2023-05-30 09:59:47,989 - INFO - [09:59:47.989] - Load 231424/562548 {"progress":41}
2023-05-30 09:59:48,007 - INFO - [09:59:48.007] - Load 233472/562548 {"progress":41}
2023-05-30 09:59:48,022 - INFO - [09:59:48.022] - Load 235520/562548 {"progress":41}
2023-05-30 09:59:48,040 - INFO - [09:59:48.040] - Load 237568/562548 {"progress":42}
2023-05-30 09:59:48,052 - INFO - [09:59:48.051] - Load 239616/562548 {"progress":42}
2023-05-30 09:59:48,068 - INFO - [09:59:48.068] - Load 241664/562548 {"progress":42}
2023-05-30 09:59:48,085 - INFO - [09:59:48.085] - Load 243712/562548 {"progress":43}
2023-05-30 09:59:48,101 - INFO - [09:59:48.101] - Load 245760/562548 {"progress":43}
2023-05-30 09:59:48,119 - INFO - [09:59:48.119] - Load 247808/562548 {"progress":44}
2023-05-30 09:59:48,132 - INFO - [09:59:48.131] - Load 249856/562548 {"progress":44}
2023-05-30 09:59:48,147 - INFO - [09:59:48.147] - Load 251904/562548 {"progress":44}
2023-05-30 09:59:48,163 - INFO - [09:59:48.163] - Load 253952/562548 {"progress":45}
2023-05-30 09:59:48,175 - INFO - [09:59:48.175] - Load 256000/562548 {"progress":45}
2023-05-30 09:59:48,192 - INFO - [09:59:48.192] - Load 258048/562548 {"progress":45}
2023-05-30 09:59:48,208 - INFO - [09:59:48.208] - Load 260096/562548 {"progress":46}
2023-05-30 09:59:48,226 - INFO - [09:59:48.226] - Load 262144/562548 {"progress":46}
2023-05-30 09:59:48,237 - INFO - [09:59:48.237] - Load 264192/562548 {"progress":46}
2023-05-30 09:59:48,254 - INFO - [09:59:48.253] - Load 266240/562548 {"progress":47}
2023-05-30 09:59:48,271 - INFO - [09:59:48.270] - Load 268288/562548 {"progress":47}
2023-05-30 09:59:48,288 - INFO - [09:59:48.287] - Load 270336/562548 {"progress":48}
2023-05-30 09:59:48,301 - INFO - [09:59:48.300] - Load 272384/562548 {"progress":48}
2023-05-30 09:59:48,317 - INFO - [09:59:48.317] - Load 274432/562548 {"progress":48}
2023-05-30 09:59:48,333 - INFO - [09:59:48.333] - Load 276480/562548 {"progress":49}
2023-05-30 09:59:48,351 - INFO - [09:59:48.351] - Load 278528/562548 {"progress":49}
2023-05-30 09:59:48,367 - INFO - [09:59:48.367] - Load 280576/562548 {"progress":49}
2023-05-30 09:59:48,379 - INFO - [09:59:48.379] - Load 282624/562548 {"progress":50}
2023-05-30 09:59:48,395 - INFO - [09:59:48.395] - Load 284672/562548 {"progress":50}
2023-05-30 09:59:48,412 - INFO - [09:59:48.412] - Load 286720/562548 {"progress":50}
2023-05-30 09:59:48,429 - INFO - [09:59:48.429] - Load 288768/562548 {"progress":51}
2023-05-30 09:59:48,441 - INFO - [09:59:48.441] - Load 290816/562548 {"progress":51}
2023-05-30 09:59:48,457 - INFO - [09:59:48.457] - Load 292864/562548 {"progress":52}
2023-05-30 09:59:48,473 - INFO - [09:59:48.473] - Load 294912/562548 {"progress":52}
2023-05-30 09:59:48,491 - INFO - [09:59:48.490] - Load 296960/562548 {"progress":52}
2023-05-30 09:59:48,508 - INFO - [09:59:48.507] - Load 299008/562548 {"progress":53}
2023-05-30 09:59:48,520 - INFO - [09:59:48.520] - Load 301056/562548 {"progress":53}
2023-05-30 09:59:48,536 - INFO - [09:59:48.536] - Load 303104/562548 {"progress":53}
2023-05-30 09:59:48,552 - INFO - [09:59:48.552] - Load 305152/562548 {"progress":54}
2023-05-30 09:59:48,569 - INFO - [09:59:48.569] - Load 307200/562548 {"progress":54}
2023-05-30 09:59:48,581 - INFO - [09:59:48.581] - Load 309248/562548 {"progress":54}
2023-05-30 09:59:48,597 - INFO - [09:59:48.597] - Load 311296/562548 {"progress":55}
2023-05-30 09:59:48,614 - INFO - [09:59:48.613] - Load 313344/562548 {"progress":55}
2023-05-30 09:59:48,630 - INFO - [09:59:48.630] - Load 315392/562548 {"progress":56}
2023-05-30 09:59:48,642 - INFO - [09:59:48.642] - Load 317440/562548 {"progress":56}
2023-05-30 09:59:48,658 - INFO - [09:59:48.658] - Load 319488/562548 {"progress":56}
2023-05-30 09:59:48,675 - INFO - [09:59:48.675] - Load 321536/562548 {"progress":57}
2023-05-30 09:59:48,688 - INFO - [09:59:48.687] - Load 323584/562548 {"progress":57}
2023-05-30 09:59:48,704 - INFO - [09:59:48.704] - Load 325632/562548 {"progress":57}
2023-05-30 09:59:48,720 - INFO - [09:59:48.720] - Load 327680/562548 {"progress":58}
2023-05-30 09:59:48,737 - INFO - [09:59:48.737] - Load 329728/562548 {"progress":58}
2023-05-30 09:59:48,749 - INFO - [09:59:48.748] - Load 331776/562548 {"progress":58}
2023-05-30 09:59:48,765 - INFO - [09:59:48.765] - Load 333824/562548 {"progress":59}
2023-05-30 09:59:48,781 - INFO - [09:59:48.781] - Load 335872/562548 {"progress":59}
2023-05-30 09:59:48,798 - INFO - [09:59:48.798] - Load 337920/562548 {"progress":60}
2023-05-30 09:59:48,811 - INFO - [09:59:48.811] - Load 339968/562548 {"progress":60}
2023-05-30 09:59:48,827 - INFO - [09:59:48.827] - Load 342016/562548 {"progress":60}
2023-05-30 09:59:48,843 - INFO - [09:59:48.843] - Load 344064/562548 {"progress":61}
2023-05-30 09:59:48,855 - INFO - [09:59:48.855] - Load 346112/562548 {"progress":61}
2023-05-30 09:59:48,871 - INFO - [09:59:48.871] - Load 348160/562548 {"progress":61}
2023-05-30 09:59:48,888 - INFO - [09:59:48.887] - Load 350208/562548 {"progress":62}
2023-05-30 09:59:48,904 - INFO - [09:59:48.904] - Load 352256/562548 {"progress":62}
2023-05-30 09:59:48,922 - INFO - [09:59:48.922] - Load 354304/562548 {"progress":62}
2023-05-30 09:59:48,933 - INFO - [09:59:48.933] - Load 356352/562548 {"progress":63}
2023-05-30 09:59:48,950 - INFO - [09:59:48.950] - Load 358400/562548 {"progress":63}
2023-05-30 09:59:48,966 - INFO - [09:59:48.966] - Load 360448/562548 {"progress":64}
2023-05-30 09:59:48,983 - INFO - [09:59:48.982] - Load 362496/562548 {"progress":64}
2023-05-30 09:59:48,994 - INFO - [09:59:48.994] - Load 364544/562548 {"progress":64}
2023-05-30 09:59:49,011 - INFO - [09:59:49.011] - Load 366592/562548 {"progress":65}
2023-05-30 09:59:49,028 - INFO - [09:59:49.028] - Load 368640/562548 {"progress":65}
2023-05-30 09:59:49,044 - INFO - [09:59:49.044] - Load 370688/562548 {"progress":65}
2023-05-30 09:59:49,061 - INFO - [09:59:49.061] - Load 372736/562548 {"progress":66}
2023-05-30 09:59:49,078 - INFO - [09:59:49.078] - Load 374784/562548 {"progress":66}
2023-05-30 09:59:49,089 - INFO - [09:59:49.089] - Load 376832/562548 {"progress":66}
2023-05-30 09:59:49,106 - INFO - [09:59:49.105] - Load 378880/562548 {"progress":67}
2023-05-30 09:59:49,122 - INFO - [09:59:49.122] - Load 380928/562548 {"progress":67}
2023-05-30 09:59:49,138 - INFO - [09:59:49.138] - Load 382976/562548 {"progress":68}
2023-05-30 09:59:49,152 - INFO - [09:59:49.151] - Load 385024/562548 {"progress":68}
2023-05-30 09:59:49,168 - INFO - [09:59:49.168] - Load 387072/562548 {"progress":68}
2023-05-30 09:59:49,184 - INFO - [09:59:49.184] - Load 389120/562548 {"progress":69}
2023-05-30 09:59:49,201 - INFO - [09:59:49.201] - Load 391168/562548 {"progress":69}
2023-05-30 09:59:49,214 - INFO - [09:59:49.214] - Load 393216/562548 {"progress":69}
2023-05-30 09:59:49,231 - INFO - [09:59:49.231] - Load 395264/562548 {"progress":70}
2023-05-30 09:59:49,247 - INFO - [09:59:49.247] - Load 397312/562548 {"progress":70}
2023-05-30 09:59:49,263 - INFO - [09:59:49.263] - Load 399360/562548 {"progress":70}
2023-05-30 09:59:49,281 - INFO - [09:59:49.281] - Load 401408/562548 {"progress":71}
2023-05-30 09:59:49,293 - INFO - [09:59:49.293] - Load 403456/562548 {"progress":71}
2023-05-30 09:59:49,309 - INFO - [09:59:49.309] - Load 405504/562548 {"progress":72}
2023-05-30 09:59:49,326 - INFO - [09:59:49.325] - Load 407552/562548 {"progress":72}
2023-05-30 09:59:49,342 - INFO - [09:59:49.342] - Load 409600/562548 {"progress":72}
2023-05-30 09:59:49,356 - INFO - [09:59:49.356] - Load 411648/562548 {"progress":73}
2023-05-30 09:59:49,372 - INFO - [09:59:49.372] - Load 413696/562548 {"progress":73}
2023-05-30 09:59:49,389 - INFO - [09:59:49.389] - Load 415744/562548 {"progress":73}
2023-05-30 09:59:49,406 - INFO - [09:59:49.405] - Load 417792/562548 {"progress":74}
2023-05-30 09:59:49,423 - INFO - [09:59:49.423] - Load 419840/562548 {"progress":74}
2023-05-30 09:59:49,435 - INFO - [09:59:49.434] - Load 421888/562548 {"progress":74}
2023-05-30 09:59:49,451 - INFO - [09:59:49.450] - Load 423936/562548 {"progress":75}
2023-05-30 09:59:49,468 - INFO - [09:59:49.468] - Load 425984/562548 {"progress":75}
2023-05-30 09:59:49,479 - INFO - [09:59:49.479] - Load 428032/562548 {"progress":76}
2023-05-30 09:59:49,495 - INFO - [09:59:49.495] - Load 430080/562548 {"progress":76}
2023-05-30 09:59:49,512 - INFO - [09:59:49.512] - Load 432128/562548 {"progress":76}
2023-05-30 09:59:49,528 - INFO - [09:59:49.528] - Load 434176/562548 {"progress":77}
2023-05-30 09:59:49,546 - INFO - [09:59:49.546] - Load 436224/562548 {"progress":77}
2023-05-30 09:59:49,557 - INFO - [09:59:49.557] - Load 438272/562548 {"progress":77}
2023-05-30 09:59:49,574 - INFO - [09:59:49.573] - Load 440320/562548 {"progress":78}
2023-05-30 09:59:49,590 - INFO - [09:59:49.589] - Load 442368/562548 {"progress":78}
2023-05-30 09:59:49,606 - INFO - [09:59:49.606] - Load 444416/562548 {"progress":79}
2023-05-30 09:59:49,618 - INFO - [09:59:49.618] - Load 446464/562548 {"progress":79}
2023-05-30 09:59:49,634 - INFO - [09:59:49.634] - Load 448512/562548 {"progress":79}
2023-05-30 09:59:49,651 - INFO - [09:59:49.651] - Load 450560/562548 {"progress":80}
2023-05-30 09:59:49,667 - INFO - [09:59:49.667] - Load 452608/562548 {"progress":80}
2023-05-30 09:59:49,680 - INFO - [09:59:49.679] - Load 454656/562548 {"progress":80}
2023-05-30 09:59:49,696 - INFO - [09:59:49.695] - Load 456704/562548 {"progress":81}
2023-05-30 09:59:49,712 - INFO - [09:59:49.712] - Load 458752/562548 {"progress":81}
2023-05-30 09:59:49,724 - INFO - [09:59:49.724] - Load 460800/562548 {"progress":81}
2023-05-30 09:59:49,741 - INFO - [09:59:49.741] - Load 462848/562548 {"progress":82}
2023-05-30 09:59:49,757 - INFO - [09:59:49.757] - Load 464896/562548 {"progress":82}
2023-05-30 09:59:49,773 - INFO - [09:59:49.773] - Load 466944/562548 {"progress":83}
2023-05-30 09:59:49,791 - INFO - [09:59:49.791] - Load 468992/562548 {"progress":83}
2023-05-30 09:59:49,803 - INFO - [09:59:49.803] - Load 471040/562548 {"progress":83}
2023-05-30 09:59:49,819 - INFO - [09:59:49.819] - Load 473088/562548 {"progress":84}
2023-05-30 09:59:49,836 - INFO - [09:59:49.836] - Load 475136/562548 {"progress":84}
2023-05-30 09:59:49,852 - INFO - [09:59:49.852] - Load 477184/562548 {"progress":84}
2023-05-30 09:59:49,865 - INFO - [09:59:49.863] - Load 479232/562548 {"progress":85}
2023-05-30 09:59:49,881 - INFO - [09:59:49.881] - Load 481280/562548 {"progress":85}
2023-05-30 09:59:49,897 - INFO - [09:59:49.897] - Load 483328/562548 {"progress":85}
2023-05-30 09:59:49,914 - INFO - [09:59:49.914] - Load 485376/562548 {"progress":86}
2023-05-30 09:59:49,931 - INFO - [09:59:49.931] - Load 487424/562548 {"progress":86}
2023-05-30 09:59:49,943 - INFO - [09:59:49.942] - Load 489472/562548 {"progress":87}
2023-05-30 09:59:49,961 - INFO - [09:59:49.959] - Load 491520/562548 {"progress":87}
2023-05-30 09:59:49,977 - INFO - [09:59:49.977] - Load 493568/562548 {"progress":87}
2023-05-30 09:59:49,993 - INFO - [09:59:49.993] - Load 495616/562548 {"progress":88}
2023-05-30 09:59:50,010 - INFO - [09:59:50.010] - Load 497664/562548 {"progress":88}
2023-05-30 09:59:50,026 - INFO - [09:59:50.026] - Load 499712/562548 {"progress":88}
2023-05-30 09:59:50,043 - INFO - [09:59:50.043] - Load 501760/562548 {"progress":89}
2023-05-30 09:59:50,060 - INFO - [09:59:50.059] - Load 503808/562548 {"progress":89}
2023-05-30 09:59:50,077 - INFO - [09:59:50.077] - Load 505856/562548 {"progress":89}
2023-05-30 09:59:50,090 - INFO - [09:59:50.090] - Load 507904/562548 {"progress":90}
2023-05-30 09:59:50,107 - INFO - [09:59:50.107] - Load 509952/562548 {"progress":90}
2023-05-30 09:59:50,123 - INFO - [09:59:50.123] - Load 512000/562548 {"progress":91}
2023-05-30 09:59:50,142 - INFO - [09:59:50.141] - Load 514048/562548 {"progress":91}
2023-05-30 09:59:50,160 - INFO - [09:59:50.159] - Load 516096/562548 {"progress":91}
2023-05-30 09:59:50,186 - INFO - [09:59:50.186] - Load 518144/562548 {"progress":92}
2023-05-30 09:59:50,211 - INFO - [09:59:50.211] - Load 520192/562548 {"progress":92}
2023-05-30 09:59:50,230 - INFO - [09:59:50.230] - Load 522240/562548 {"progress":92}
2023-05-30 09:59:50,258 - INFO - [09:59:50.257] - Load 524288/562548 {"progress":93}
2023-05-30 09:59:50,285 - INFO - [09:59:50.284] - Load 526336/562548 {"progress":93}
2023-05-30 09:59:50,301 - INFO - [09:59:50.301] - Load 528384/562548 {"progress":93}
2023-05-30 09:59:50,322 - INFO - [09:59:50.322] - Load 530432/562548 {"progress":94}
2023-05-30 09:59:50,348 - INFO - [09:59:50.348] - Load 532480/562548 {"progress":94}
2023-05-30 09:59:50,375 - INFO - [09:59:50.375] - Load 534528/562548 {"progress":95}
2023-05-30 09:59:50,393 - INFO - [09:59:50.391] - Load 536576/562548 {"progress":95}
2023-05-30 09:59:50,410 - INFO - [09:59:50.410] - Load 538624/562548 {"progress":95}
2023-05-30 09:59:50,436 - INFO - [09:59:50.436] - Load 540672/562548 {"progress":96}
2023-05-30 09:59:50,453 - INFO - [09:59:50.452] - Load 542720/562548 {"progress":96}
2023-05-30 09:59:50,470 - INFO - [09:59:50.470] - Load 544768/562548 {"progress":96}
2023-05-30 09:59:50,488 - INFO - [09:59:50.488] - Load 546816/562548 {"progress":97}
2023-05-30 09:59:50,516 - INFO - [09:59:50.516] - Load 548864/562548 {"progress":97}
2023-05-30 09:59:50,542 - INFO - [09:59:50.542] - Load 550912/562548 {"progress":97}
2023-05-30 09:59:50,561 - INFO - [09:59:50.560] - Load 552960/562548 {"progress":98}
2023-05-30 09:59:50,585 - INFO - [09:59:50.585] - Load 555008/562548 {"progress":98}
2023-05-30 09:59:50,604 - INFO - [09:59:50.604] - Load 557056/562548 {"progress":99}
2023-05-30 09:59:50,622 - INFO - [09:59:50.622] - Load 559104/562548 {"progress":99}
2023-05-30 09:59:50,647 - INFO - [09:59:50.647] - Load 561152/562548 {"progress":99}
2023-05-30 09:59:50,655 - INFO - [09:59:50.655] - Load 562548/562548 {"progress":100}
2023-05-30 09:59:50,659 - INFO - [09:59:50.659] - Load 562548/562548 {"progress":100}
2023-05-30 09:59:50,659 - INFO - [09:59:50.659] - Write check
2023-05-30 09:59:50,682 - INFO - [09:59:50.682] - Flash load time cost(ms): 4737.109619140625
2023-05-30 09:59:50,684 - INFO - [09:59:50.682] - Finished
2023-05-30 09:59:50,694 - INFO - [09:59:50.694] - Sha caled by host: ee43b422ba3cf47d729411ff02f4295224cd4d91fa3ee26c2014de49177b7c5d
2023-05-30 09:59:50,695 - INFO - [09:59:50.695] - xip mode Verify
2023-05-30 09:59:51,492 - INFO - [09:59:51.492] - Read Sha256/962752
2023-05-30 09:59:51,494 - INFO - [09:59:51.493] - Flash xip readsha time cost(ms): 797.32666015625
2023-05-30 09:59:51,494 - INFO - [09:59:51.494] - Finished
2023-05-30 09:59:51,495 - INFO - [09:59:51.495] - Sha caled by dev: ee43b422ba3cf47d729411ff02f4295224cd4d91fa3ee26c2014de49177b7c5d
2023-05-30 09:59:51,495 - INFO - [09:59:51.495] - Verify success
2023-05-30 09:59:51,501 - INFO - [09:59:51.501] - Program Finished
2023-05-30 09:59:51,502 - INFO - [09:59:51.502] - All time cost(ms): 11285.53515625
2023-05-30 09:59:51,617 - INFO - [09:59:51.617] - close interface
2023-05-30 09:59:51,617 - INFO - [09:59:51.617] - [All Success]
2023-05-30 17:54:27,642 - INFO - [17:54:27.642] - Program Start
2023-05-30 17:54:27,643 - INFO - [17:54:27.643] - ========= eflash loader cmd arguments =========
2023-05-30 17:54:27,659 - INFO - [17:54:27.659] - serial port is COM3 (PROG)
2023-05-30 17:54:27,660 - INFO - [17:54:27.659] - chiptype: bl628
2023-05-30 17:54:27,660 - INFO - [17:54:27.660] - cpu_reset=False
2023-05-30 17:54:27,704 - INFO - [17:54:27.704] - com speed: 2000000
2023-05-30 17:54:27,704 - INFO - [17:54:27.704] - ========= Interface is uart =========
2023-05-30 17:54:27,705 - INFO - [17:54:27.705] - Bootrom load
2023-05-30 17:54:27,705 - INFO - [17:54:27.705] - ========= get_boot_info =========
2023-05-30 17:54:27,705 - INFO - [17:54:27.705] - ========= image get bootinfo =========
2023-05-30 17:54:27,713 - INFO - [17:54:27.713] - default set DTR high
2023-05-30 17:54:27,818 - INFO - [17:54:27.818] - usb serial port
2023-05-30 17:54:27,879 - INFO - [17:54:27.879] - clean buf
2023-05-30 17:54:27,930 - INFO - [17:54:27.929] - send sync
2023-05-30 17:54:28,139 - INFO - [17:54:28.139] - ack is b'4f4b'
2023-05-30 17:54:28,144 - INFO - [17:54:28.144] - shake hand success
2023-05-30 17:54:28,650 - INFO - [17:54:28.649] - data read is b'0100280600000000dda5de76020202040000000000000000d82ca054'
2023-05-30 17:54:28,651 - INFO - [17:54:28.650] - ========= ChipID: 000004020202 =========
2023-05-30 17:54:28,651 - INFO - [17:54:28.651] - Get bootinfo time cost(ms): 945.92626953125
2023-05-30 17:54:28,754 - INFO - [17:54:28.754] - flash set para
2023-05-30 17:54:28,754 - INFO - [17:54:28.754] - set flash cfg: 1014108
2023-05-30 17:54:28,755 - INFO - [17:54:28.754] - Set flash config
2023-05-30 17:54:28,769 - INFO - [17:54:28.768] - Set para time cost(ms): 12.049072265625
2023-05-30 17:54:28,770 - INFO - [17:54:28.769] - ========= flash read jedec ID =========
2023-05-30 17:54:28,772 - INFO - [17:54:28.772] - Read flash jedec ID
2023-05-30 17:54:28,772 - INFO - [17:54:28.772] - readdata:
2023-05-30 17:54:28,773 - INFO - [17:54:28.772] - b'ef401700'
2023-05-30 17:54:28,773 - INFO - [17:54:28.773] - Finished
2023-05-30 17:54:28,774 - INFO - [17:54:28.774] - flash config Not found,use default
2023-05-30 17:54:28,774 - INFO - [17:54:28.774] - jedec_id:ef4017
2023-05-30 17:54:28,774 - INFO - [17:54:28.774] - capacity_id:23
2023-05-30 17:54:28,774 - INFO - [17:54:28.774] - capacity:8.0M
2023-05-30 17:54:28,774 - INFO - [17:54:28.774] - get flash size: 0x00800000
2023-05-30 17:54:28,774 - INFO - [17:54:28.774] - Program operation
2023-05-30 17:54:28,775 - INFO - [17:54:28.775] - Dealing Index 0
2023-05-30 17:54:28,775 - INFO - [17:54:28.775] - ========= programming Z:\BouffalolabWS\bouffalo_sdk_all\examples\coremark_v1.01\.\build\build_out\coremark_bl628.bin to 0x000000
2023-05-30 17:54:28,779 - INFO - [17:54:28.779] - flash para file: D:\BouffaloLabWS\bouffalo_flash_cube\v1.0.6\chips/bl628/efuse_bootheader/flash_para.bin
2023-05-30 17:54:28,780 - INFO - [17:54:28.780] - Set flash config
2023-05-30 17:54:28,803 - INFO - [17:54:28.803] - Set para time cost(ms): 22.89404296875
2023-05-30 17:54:28,804 - INFO - [17:54:28.804] - ========= flash load =========
2023-05-30 17:54:28,806 - INFO - [17:54:28.806] - ========= flash erase =========
2023-05-30 17:54:28,806 - INFO - [17:54:28.806] - Erase flash  from 0x0 to 0x1d10f
2023-05-30 17:54:28,811 - INFO - [17:54:28.811] - erase pending
2023-05-30 17:54:29,042 - INFO - [17:54:29.042] - erase pending
2023-05-30 17:54:29,199 - INFO - [17:54:29.199] - erase pending
2023-05-30 17:54:29,256 - INFO - [17:54:29.256] - erase pending
2023-05-30 17:54:29,308 - INFO - [17:54:29.308] - erase pending
2023-05-30 17:54:29,366 - INFO - [17:54:29.366] - erase pending
2023-05-30 17:54:29,421 - INFO - [17:54:29.421] - erase pending
2023-05-30 17:54:29,477 - INFO - [17:54:29.477] - erase pending
2023-05-30 17:54:29,566 - INFO - [17:54:29.566] - Erase time cost(ms): 758.32568359375
2023-05-30 17:54:29,604 - INFO - [17:54:29.604] - decompress flash load 64640
2023-05-30 17:54:30,001 - INFO - [17:54:30.000] - Load 4096/64640 {"progress":6}
2023-05-30 17:54:30,382 - INFO - [17:54:30.381] - Load 8192/64640 {"progress":12}
2023-05-30 17:54:30,770 - INFO - [17:54:30.770] - Load 12288/64640 {"progress":19}
2023-05-30 17:54:31,158 - INFO - [17:54:31.157] - Load 16384/64640 {"progress":25}
2023-05-30 17:54:31,546 - INFO - [17:54:31.546] - Load 20480/64640 {"progress":31}
2023-05-30 17:54:31,944 - INFO - [17:54:31.944] - Load 24576/64640 {"progress":38}
2023-05-30 17:54:32,323 - INFO - [17:54:32.323] - Load 28672/64640 {"progress":44}
2023-05-30 17:54:32,713 - INFO - [17:54:32.713] - Load 32768/64640 {"progress":50}
2023-05-30 17:54:33,092 - INFO - [17:54:33.092] - Load 36864/64640 {"progress":57}
2023-05-30 17:54:33,473 - INFO - [17:54:33.473] - Load 40960/64640 {"progress":63}
2023-05-30 17:54:33,862 - INFO - [17:54:33.862] - Load 45056/64640 {"progress":69}
2023-05-30 17:54:34,250 - INFO - [17:54:34.250] - Load 49152/64640 {"progress":76}
2023-05-30 17:54:34,630 - INFO - [17:54:34.630] - Load 53248/64640 {"progress":82}
2023-05-30 17:54:35,025 - INFO - [17:54:35.025] - Load 57344/64640 {"progress":88}
2023-05-30 17:54:35,407 - INFO - [17:54:35.407] - Load 61440/64640 {"progress":95}
2023-05-30 17:54:35,714 - INFO - [17:54:35.714] - Load 64640/64640 {"progress":100}
2023-05-30 17:54:35,716 - INFO - [17:54:35.716] - Load 64640/64640 {"progress":100}
2023-05-30 17:54:35,716 - INFO - [17:54:35.716] - Write check
2023-05-30 17:54:35,721 - INFO - [17:54:35.721] - Flash load time cost(ms): 6151.121826171875
2023-05-30 17:54:35,721 - INFO - [17:54:35.721] - Finished
2023-05-30 17:54:35,725 - INFO - [17:54:35.725] - Sha caled by host: e2215aaeab910ab9526297d5943b7652efcb77a8e0e12c44862b3cc1276f4074
2023-05-30 17:54:35,726 - INFO - [17:54:35.725] - xip mode Verify
2023-05-30 17:54:35,814 - INFO - [17:54:35.813] - Read Sha256/119056
2023-05-30 17:54:35,815 - INFO - [17:54:35.815] - Flash xip readsha time cost(ms): 88.548095703125
2023-05-30 17:54:35,816 - INFO - [17:54:35.815] - Finished
2023-05-30 17:54:35,819 - INFO - [17:54:35.819] - Sha caled by dev: e2215aaeab910ab9526297d5943b7652efcb77a8e0e12c44862b3cc1276f4074
2023-05-30 17:54:35,820 - INFO - [17:54:35.819] - Verify success
2023-05-30 17:54:35,824 - INFO - [17:54:35.823] - Program Finished
2023-05-30 17:54:35,824 - INFO - [17:54:35.824] - All time cost(ms): 8182.420654296875
2023-05-30 17:54:35,943 - INFO - [17:54:35.943] - close interface
2023-05-30 17:54:35,944 - INFO - [17:54:35.943] - [All Success]
2023-05-30 21:16:21,286 - ERROR - [21:16:21.283] - Error: FW:Z:\workspace\bouffalo_sdk_vmg0\examples\vmg0\cam_g0_transmission\./build/build_out/cam_g0_bl628.bin image file is not existed
2023-05-30 21:16:37,458 - ERROR - [21:16:37.456] - Error: FW:Z:\workspace\bouffalo_sdk_vmg0\examples\vmg0\cam_g0_transmission\./build/build_out/cam_g0_bl616.bin image file is not existed
2023-05-30 21:17:56,231 - ERROR - [21:17:56.230] - Error: FW:Z:\workspace\bouffalo_sdk_vmg0\examples\vmg0\cam_g0_transmission\./build/build_out/cam_g0_bl616.bin image file is not existed
2023-05-30 21:18:57,198 - INFO - [21:18:57.198] - Program Start
2023-05-30 21:18:57,198 - INFO - [21:18:57.198] - ========= eflash loader cmd arguments =========
2023-05-30 21:18:57,204 - INFO - [21:18:57.204] - serial port is COM11 (PROG)
2023-05-30 21:18:57,205 - INFO - [21:18:57.205] - chiptype: bl616
2023-05-30 21:18:57,205 - INFO - [21:18:57.205] - cpu_reset=False
2023-05-30 21:18:57,263 - INFO - [21:18:57.262] - com speed: 2000000
2023-05-30 21:18:57,263 - INFO - [21:18:57.263] - ========= Interface is uart =========
2023-05-30 21:18:57,263 - INFO - [21:18:57.263] - Bootrom load
2023-05-30 21:18:57,263 - INFO - [21:18:57.263] - ========= get_boot_info =========
2023-05-30 21:18:57,263 - INFO - [21:18:57.263] - ========= image get bootinfo =========
2023-05-30 21:18:57,271 - INFO - [21:18:57.271] - default set DTR high
2023-05-30 21:18:57,378 - INFO - [21:18:57.378] - usb serial port
2023-05-30 21:18:57,441 - INFO - [21:18:57.441] - clean buf
2023-05-30 21:18:57,445 - INFO - [21:18:57.445] - send sync
2023-05-30 21:18:57,654 - INFO - [21:18:57.654] - ack is b'4f4b'
2023-05-30 21:18:57,656 - INFO - [21:18:57.656] - shake hand success
2023-05-30 21:18:58,159 - INFO - [21:18:58.158] - data read is b'010016060000010027128901bbf52acf0eb494000f758010'
2023-05-30 21:18:58,159 - INFO - [21:18:58.159] - ========= ChipID: b40ecf2af5bb =========
2023-05-30 21:18:58,159 - INFO - [21:18:58.159] - Get bootinfo time cost(ms): 896.415283203125
2023-05-30 21:18:58,160 - INFO - [21:18:58.159] - change bdrate: 2000000
2023-05-30 21:18:58,160 - INFO - [21:18:58.160] - Clock PLL set
2023-05-30 21:18:58,163 - INFO - [21:18:58.163] - Set clock time cost(ms): 2.9990234375
2023-05-30 21:18:58,295 - INFO - [21:18:58.295] - Read mac addr
2023-05-30 21:18:58,297 - INFO - [21:18:58.296] - MACADDR: b40ecf2af5bb
2023-05-30 21:18:58,299 - INFO - [21:18:58.299] - flash set para
2023-05-30 21:18:58,299 - INFO - [21:18:58.299] - get flash pin cfg from bootinfo: 0x24
2023-05-30 21:18:58,299 - INFO - [21:18:58.299] - set flash cfg: 1014124
2023-05-30 21:18:58,300 - INFO - [21:18:58.300] - Set flash config
2023-05-30 21:18:58,302 - INFO - [21:18:58.301] - Set para time cost(ms): 0.99462890625
2023-05-30 21:18:58,302 - INFO - [21:18:58.302] - ========= flash read jedec ID =========
2023-05-30 21:18:58,303 - INFO - [21:18:58.303] - Read flash jedec ID
2023-05-30 21:18:58,303 - INFO - [21:18:58.303] - readdata:
2023-05-30 21:18:58,303 - INFO - [21:18:58.303] - b'ef401700'
2023-05-30 21:18:58,303 - INFO - [21:18:58.303] - Finished
2023-05-30 21:18:58,303 - INFO - [21:18:58.303] - flash config Not found,use default
2023-05-30 21:18:58,305 - INFO - [21:18:58.305] - jedec_id:ef4017
2023-05-30 21:18:58,305 - INFO - [21:18:58.305] - capacity_id:23
2023-05-30 21:18:58,305 - INFO - [21:18:58.305] - capacity:8.0M
2023-05-30 21:18:58,306 - INFO - [21:18:58.306] - get flash size: 0x00800000
2023-05-30 21:18:58,306 - INFO - [21:18:58.306] - Program operation
2023-05-30 21:18:58,306 - INFO - [21:18:58.306] - Dealing Index 0
2023-05-30 21:18:58,307 - INFO - [21:18:58.307] - ========= programming Z:\workspace\bouffalo_sdk_vmg0\examples\vmg0\cam_g0_transmission\.\build\build_out\cam_g0_transmission_bl616.bin to 0x000000
2023-05-30 21:18:58,310 - INFO - [21:18:58.310] - flash para file: D:\BouffaloLabWS\bouffalo_flash_cube\v1.0.6\chips/bl616/efuse_bootheader/flash_para.bin
2023-05-30 21:18:58,311 - INFO - [21:18:58.311] - Set flash config
2023-05-30 21:18:58,313 - INFO - [21:18:58.313] - Set para time cost(ms): 2.001708984375
2023-05-30 21:18:58,314 - INFO - [21:18:58.314] - ========= flash load =========
2023-05-30 21:18:58,317 - INFO - [21:18:58.316] - ========= flash erase =========
2023-05-30 21:18:58,317 - INFO - [21:18:58.317] - Erase flash  from 0x0 to 0xc16ff
2023-05-30 21:19:01,136 - INFO - [21:19:01.136] - Erase time cost(ms): 2818.367919921875
2023-05-30 21:19:01,352 - INFO - [21:19:01.352] - decompress flash load 468940
2023-05-30 21:19:01,363 - INFO - [21:19:01.363] - Load 2048/468940 {"progress":0}
2023-05-30 21:19:01,391 - INFO - [21:19:01.391] - Load 4096/468940 {"progress":0}
2023-05-30 21:19:01,407 - INFO - [21:19:01.407] - Load 6144/468940 {"progress":1}
2023-05-30 21:19:01,420 - INFO - [21:19:01.419] - Load 8192/468940 {"progress":1}
2023-05-30 21:19:01,446 - INFO - [21:19:01.445] - Load 10240/468940 {"progress":2}
2023-05-30 21:19:01,457 - INFO - [21:19:01.457] - Load 12288/468940 {"progress":2}
2023-05-30 21:19:01,474 - INFO - [21:19:01.474] - Load 14336/468940 {"progress":3}
2023-05-30 21:19:01,491 - INFO - [21:19:01.490] - Load 16384/468940 {"progress":3}
2023-05-30 21:19:01,509 - INFO - [21:19:01.508] - Load 18432/468940 {"progress":3}
2023-05-30 21:19:01,525 - INFO - [21:19:01.525] - Load 20480/468940 {"progress":4}
2023-05-30 21:19:01,538 - INFO - [21:19:01.537] - Load 22528/468940 {"progress":4}
2023-05-30 21:19:01,555 - INFO - [21:19:01.554] - Load 24576/468940 {"progress":5}
2023-05-30 21:19:01,571 - INFO - [21:19:01.570] - Load 26624/468940 {"progress":5}
2023-05-30 21:19:01,587 - INFO - [21:19:01.587] - Load 28672/468940 {"progress":6}
2023-05-30 21:19:01,599 - INFO - [21:19:01.599] - Load 30720/468940 {"progress":6}
2023-05-30 21:19:01,616 - INFO - [21:19:01.616] - Load 32768/468940 {"progress":6}
2023-05-30 21:19:01,633 - INFO - [21:19:01.632] - Load 34816/468940 {"progress":7}
2023-05-30 21:19:01,650 - INFO - [21:19:01.650] - Load 36864/468940 {"progress":7}
2023-05-30 21:19:01,663 - INFO - [21:19:01.662] - Load 38912/468940 {"progress":8}
2023-05-30 21:19:01,678 - INFO - [21:19:01.678] - Load 40960/468940 {"progress":8}
2023-05-30 21:19:01,695 - INFO - [21:19:01.695] - Load 43008/468940 {"progress":9}
2023-05-30 21:19:01,712 - INFO - [21:19:01.711] - Load 45056/468940 {"progress":9}
2023-05-30 21:19:01,725 - INFO - [21:19:01.725] - Load 47104/468940 {"progress":10}
2023-05-30 21:19:01,741 - INFO - [21:19:01.741] - Load 49152/468940 {"progress":10}
2023-05-30 21:19:01,758 - INFO - [21:19:01.758] - Load 51200/468940 {"progress":10}
2023-05-30 21:19:01,775 - INFO - [21:19:01.773] - Load 53248/468940 {"progress":11}
2023-05-30 21:19:01,791 - INFO - [21:19:01.790] - Load 55296/468940 {"progress":11}
2023-05-30 21:19:01,807 - INFO - [21:19:01.806] - Load 57344/468940 {"progress":12}
2023-05-30 21:19:01,820 - INFO - [21:19:01.820] - Load 59392/468940 {"progress":12}
2023-05-30 21:19:01,844 - INFO - [21:19:01.844] - Load 61440/468940 {"progress":13}
2023-05-30 21:19:01,862 - INFO - [21:19:01.862] - Load 63488/468940 {"progress":13}
2023-05-30 21:19:01,874 - INFO - [21:19:01.874] - Load 65536/468940 {"progress":13}
2023-05-30 21:19:01,891 - INFO - [21:19:01.891] - Load 67584/468940 {"progress":14}
2023-05-30 21:19:01,907 - INFO - [21:19:01.907] - Load 69632/468940 {"progress":14}
2023-05-30 21:19:01,923 - INFO - [21:19:01.923] - Load 71680/468940 {"progress":15}
2023-05-30 21:19:01,935 - INFO - [21:19:01.935] - Load 73728/468940 {"progress":15}
2023-05-30 21:19:01,952 - INFO - [21:19:01.951] - Load 75776/468940 {"progress":16}
2023-05-30 21:19:01,968 - INFO - [21:19:01.968] - Load 77824/468940 {"progress":16}
2023-05-30 21:19:01,984 - INFO - [21:19:01.984] - Load 79872/468940 {"progress":17}
2023-05-30 21:19:02,001 - INFO - [21:19:02.000] - Load 81920/468940 {"progress":17}
2023-05-30 21:19:02,017 - INFO - [21:19:02.017] - Load 83968/468940 {"progress":17}
2023-05-30 21:19:02,029 - INFO - [21:19:02.029] - Load 86016/468940 {"progress":18}
2023-05-30 21:19:02,046 - INFO - [21:19:02.046] - Load 88064/468940 {"progress":18}
2023-05-30 21:19:02,062 - INFO - [21:19:02.062] - Load 90112/468940 {"progress":19}
2023-05-30 21:19:02,079 - INFO - [21:19:02.079] - Load 92160/468940 {"progress":19}
2023-05-30 21:19:02,096 - INFO - [21:19:02.095] - Load 94208/468940 {"progress":20}
2023-05-30 21:19:02,113 - INFO - [21:19:02.113] - Load 96256/468940 {"progress":20}
2023-05-30 21:19:02,129 - INFO - [21:19:02.129] - Load 98304/468940 {"progress":20}
2023-05-30 21:19:02,147 - INFO - [21:19:02.146] - Load 100352/468940 {"progress":21}
2023-05-30 21:19:02,163 - INFO - [21:19:02.163] - Load 102400/468940 {"progress":21}
2023-05-30 21:19:02,180 - INFO - [21:19:02.180] - Load 104448/468940 {"progress":22}
2023-05-30 21:19:02,198 - INFO - [21:19:02.198] - Load 106496/468940 {"progress":22}
2023-05-30 21:19:02,215 - INFO - [21:19:02.214] - Load 108544/468940 {"progress":23}
2023-05-30 21:19:02,231 - INFO - [21:19:02.231] - Load 110592/468940 {"progress":23}
2023-05-30 21:19:02,243 - INFO - [21:19:02.243] - Load 112640/468940 {"progress":24}
2023-05-30 21:19:02,260 - INFO - [21:19:02.260] - Load 114688/468940 {"progress":24}
2023-05-30 21:19:02,276 - INFO - [21:19:02.276] - Load 116736/468940 {"progress":24}
2023-05-30 21:19:02,288 - INFO - [21:19:02.288] - Load 118784/468940 {"progress":25}
2023-05-30 21:19:02,305 - INFO - [21:19:02.305] - Load 120832/468940 {"progress":25}
2023-05-30 21:19:02,321 - INFO - [21:19:02.321] - Load 122880/468940 {"progress":26}
2023-05-30 21:19:02,338 - INFO - [21:19:02.338] - Load 124928/468940 {"progress":26}
2023-05-30 21:19:02,353 - INFO - [21:19:02.353] - Load 126976/468940 {"progress":27}
2023-05-30 21:19:02,366 - INFO - [21:19:02.366] - Load 129024/468940 {"progress":27}
2023-05-30 21:19:02,382 - INFO - [21:19:02.382] - Load 131072/468940 {"progress":27}
2023-05-30 21:19:02,399 - INFO - [21:19:02.399] - Load 133120/468940 {"progress":28}
2023-05-30 21:19:02,416 - INFO - [21:19:02.415] - Load 135168/468940 {"progress":28}
2023-05-30 21:19:02,427 - INFO - [21:19:02.426] - Load 137216/468940 {"progress":29}
2023-05-30 21:19:02,444 - INFO - [21:19:02.444] - Load 139264/468940 {"progress":29}
2023-05-30 21:19:02,460 - INFO - [21:19:02.460] - Load 141312/468940 {"progress":30}
2023-05-30 21:19:02,476 - INFO - [21:19:02.476] - Load 143360/468940 {"progress":30}
2023-05-30 21:19:02,493 - INFO - [21:19:02.493] - Load 145408/468940 {"progress":31}
2023-05-30 21:19:02,510 - INFO - [21:19:02.510] - Load 147456/468940 {"progress":31}
2023-05-30 21:19:02,527 - INFO - [21:19:02.527] - Load 149504/468940 {"progress":31}
2023-05-30 21:19:02,540 - INFO - [21:19:02.540] - Load 151552/468940 {"progress":32}
2023-05-30 21:19:02,557 - INFO - [21:19:02.557] - Load 153600/468940 {"progress":32}
2023-05-30 21:19:02,573 - INFO - [21:19:02.572] - Load 155648/468940 {"progress":33}
2023-05-30 21:19:02,590 - INFO - [21:19:02.589] - Load 157696/468940 {"progress":33}
2023-05-30 21:19:02,603 - INFO - [21:19:02.603] - Load 159744/468940 {"progress":34}
2023-05-30 21:19:02,619 - INFO - [21:19:02.619] - Load 161792/468940 {"progress":34}
2023-05-30 21:19:02,635 - INFO - [21:19:02.635] - Load 163840/468940 {"progress":34}
2023-05-30 21:19:02,648 - INFO - [21:19:02.647] - Load 165888/468940 {"progress":35}
2023-05-30 21:19:02,663 - INFO - [21:19:02.663] - Load 167936/468940 {"progress":35}
2023-05-30 21:19:02,679 - INFO - [21:19:02.679] - Load 169984/468940 {"progress":36}
2023-05-30 21:19:02,696 - INFO - [21:19:02.696] - Load 172032/468940 {"progress":36}
2023-05-30 21:19:02,708 - INFO - [21:19:02.707] - Load 174080/468940 {"progress":37}
2023-05-30 21:19:02,725 - INFO - [21:19:02.725] - Load 176128/468940 {"progress":37}
2023-05-30 21:19:02,742 - INFO - [21:19:02.741] - Load 178176/468940 {"progress":37}
2023-05-30 21:19:02,758 - INFO - [21:19:02.758] - Load 180224/468940 {"progress":38}
2023-05-30 21:19:02,770 - INFO - [21:19:02.770] - Load 182272/468940 {"progress":38}
2023-05-30 21:19:02,786 - INFO - [21:19:02.786] - Load 184320/468940 {"progress":39}
2023-05-30 21:19:02,803 - INFO - [21:19:02.803] - Load 186368/468940 {"progress":39}
2023-05-30 21:19:02,820 - INFO - [21:19:02.820] - Load 188416/468940 {"progress":40}
2023-05-30 21:19:02,837 - INFO - [21:19:02.837] - Load 190464/468940 {"progress":40}
2023-05-30 21:19:02,854 - INFO - [21:19:02.854] - Load 192512/468940 {"progress":41}
2023-05-30 21:19:02,865 - INFO - [21:19:02.865] - Load 194560/468940 {"progress":41}
2023-05-30 21:19:02,882 - INFO - [21:19:02.881] - Load 196608/468940 {"progress":41}
2023-05-30 21:19:02,898 - INFO - [21:19:02.898] - Load 198656/468940 {"progress":42}
2023-05-30 21:19:02,910 - INFO - [21:19:02.910] - Load 200704/468940 {"progress":42}
2023-05-30 21:19:02,926 - INFO - [21:19:02.926] - Load 202752/468940 {"progress":43}
2023-05-30 21:19:02,943 - INFO - [21:19:02.942] - Load 204800/468940 {"progress":43}
2023-05-30 21:19:02,960 - INFO - [21:19:02.959] - Load 206848/468940 {"progress":44}
2023-05-30 21:19:02,977 - INFO - [21:19:02.975] - Load 208896/468940 {"progress":44}
2023-05-30 21:19:02,988 - INFO - [21:19:02.988] - Load 210944/468940 {"progress":44}
2023-05-30 21:19:03,004 - INFO - [21:19:03.004] - Load 212992/468940 {"progress":45}
2023-05-30 21:19:03,020 - INFO - [21:19:03.020] - Load 215040/468940 {"progress":45}
2023-05-30 21:19:03,037 - INFO - [21:19:03.037] - Load 217088/468940 {"progress":46}
2023-05-30 21:19:03,048 - INFO - [21:19:03.048] - Load 219136/468940 {"progress":46}
2023-05-30 21:19:03,065 - INFO - [21:19:03.065] - Load 221184/468940 {"progress":47}
2023-05-30 21:19:03,081 - INFO - [21:19:03.081] - Load 223232/468940 {"progress":47}
2023-05-30 21:19:03,099 - INFO - [21:19:03.099] - Load 225280/468940 {"progress":48}
2023-05-30 21:19:03,116 - INFO - [21:19:03.115] - Load 227328/468940 {"progress":48}
2023-05-30 21:19:03,128 - INFO - [21:19:03.128] - Load 229376/468940 {"progress":48}
2023-05-30 21:19:03,144 - INFO - [21:19:03.144] - Load 231424/468940 {"progress":49}
2023-05-30 21:19:03,161 - INFO - [21:19:03.160] - Load 233472/468940 {"progress":49}
2023-05-30 21:19:03,173 - INFO - [21:19:03.173] - Load 235520/468940 {"progress":50}
2023-05-30 21:19:03,190 - INFO - [21:19:03.190] - Load 237568/468940 {"progress":50}
2023-05-30 21:19:03,207 - INFO - [21:19:03.206] - Load 239616/468940 {"progress":51}
2023-05-30 21:19:03,217 - INFO - [21:19:03.217] - Load 241664/468940 {"progress":51}
2023-05-30 21:19:03,235 - INFO - [21:19:03.234] - Load 243712/468940 {"progress":51}
2023-05-30 21:19:03,250 - INFO - [21:19:03.250] - Load 245760/468940 {"progress":52}
2023-05-30 21:19:03,267 - INFO - [21:19:03.267] - Load 247808/468940 {"progress":52}
2023-05-30 21:19:03,279 - INFO - [21:19:03.278] - Load 249856/468940 {"progress":53}
2023-05-30 21:19:03,296 - INFO - [21:19:03.295] - Load 251904/468940 {"progress":53}
2023-05-30 21:19:03,312 - INFO - [21:19:03.312] - Load 253952/468940 {"progress":54}
2023-05-30 21:19:03,329 - INFO - [21:19:03.329] - Load 256000/468940 {"progress":54}
2023-05-30 21:19:03,340 - INFO - [21:19:03.340] - Load 258048/468940 {"progress":55}
2023-05-30 21:19:03,357 - INFO - [21:19:03.357] - Load 260096/468940 {"progress":55}
2023-05-30 21:19:03,373 - INFO - [21:19:03.373] - Load 262144/468940 {"progress":55}
2023-05-30 21:19:03,390 - INFO - [21:19:03.390] - Load 264192/468940 {"progress":56}
2023-05-30 21:19:03,402 - INFO - [21:19:03.402] - Load 266240/468940 {"progress":56}
2023-05-30 21:19:03,420 - INFO - [21:19:03.420] - Load 268288/468940 {"progress":57}
2023-05-30 21:19:03,435 - INFO - [21:19:03.435] - Load 270336/468940 {"progress":57}
2023-05-30 21:19:03,452 - INFO - [21:19:03.452] - Load 272384/468940 {"progress":58}
2023-05-30 21:19:03,469 - INFO - [21:19:03.469] - Load 274432/468940 {"progress":58}
2023-05-30 21:19:03,481 - INFO - [21:19:03.481] - Load 276480/468940 {"progress":58}
2023-05-30 21:19:03,498 - INFO - [21:19:03.497] - Load 278528/468940 {"progress":59}
2023-05-30 21:19:03,515 - INFO - [21:19:03.514] - Load 280576/468940 {"progress":59}
2023-05-30 21:19:03,531 - INFO - [21:19:03.531] - Load 282624/468940 {"progress":60}
2023-05-30 21:19:03,548 - INFO - [21:19:03.547] - Load 284672/468940 {"progress":60}
2023-05-30 21:19:03,565 - INFO - [21:19:03.564] - Load 286720/468940 {"progress":61}
2023-05-30 21:19:03,576 - INFO - [21:19:03.576] - Load 288768/468940 {"progress":61}
2023-05-30 21:19:03,594 - INFO - [21:19:03.593] - Load 290816/468940 {"progress":62}
2023-05-30 21:19:03,609 - INFO - [21:19:03.609] - Load 292864/468940 {"progress":62}
2023-05-30 21:19:03,626 - INFO - [21:19:03.626] - Load 294912/468940 {"progress":62}
2023-05-30 21:19:03,639 - INFO - [21:19:03.639] - Load 296960/468940 {"progress":63}
2023-05-30 21:19:03,656 - INFO - [21:19:03.655] - Load 299008/468940 {"progress":63}
2023-05-30 21:19:03,672 - INFO - [21:19:03.671] - Load 301056/468940 {"progress":64}
2023-05-30 21:19:03,684 - INFO - [21:19:03.683] - Load 303104/468940 {"progress":64}
2023-05-30 21:19:03,700 - INFO - [21:19:03.700] - Load 305152/468940 {"progress":65}
2023-05-30 21:19:03,717 - INFO - [21:19:03.717] - Load 307200/468940 {"progress":65}
2023-05-30 21:19:03,733 - INFO - [21:19:03.733] - Load 309248/468940 {"progress":65}
2023-05-30 21:19:03,751 - INFO - [21:19:03.750] - Load 311296/468940 {"progress":66}
2023-05-30 21:19:03,768 - INFO - [21:19:03.768] - Load 313344/468940 {"progress":66}
2023-05-30 21:19:03,780 - INFO - [21:19:03.780] - Load 315392/468940 {"progress":67}
2023-05-30 21:19:03,797 - INFO - [21:19:03.797] - Load 317440/468940 {"progress":67}
2023-05-30 21:19:03,813 - INFO - [21:19:03.813] - Load 319488/468940 {"progress":68}
2023-05-30 21:19:03,830 - INFO - [21:19:03.830] - Load 321536/468940 {"progress":68}
2023-05-30 21:19:03,843 - INFO - [21:19:03.843] - Load 323584/468940 {"progress":69}
2023-05-30 21:19:03,859 - INFO - [21:19:03.859] - Load 325632/468940 {"progress":69}
2023-05-30 21:19:03,876 - INFO - [21:19:03.874] - Load 327680/468940 {"progress":69}
2023-05-30 21:19:03,892 - INFO - [21:19:03.892] - Load 329728/468940 {"progress":70}
2023-05-30 21:19:03,904 - INFO - [21:19:03.904] - Load 331776/468940 {"progress":70}
2023-05-30 21:19:03,921 - INFO - [21:19:03.920] - Load 333824/468940 {"progress":71}
2023-05-30 21:19:03,938 - INFO - [21:19:03.938] - Load 335872/468940 {"progress":71}
2023-05-30 21:19:03,950 - INFO - [21:19:03.949] - Load 337920/468940 {"progress":72}
2023-05-30 21:19:03,967 - INFO - [21:19:03.967] - Load 339968/468940 {"progress":72}
2023-05-30 21:19:03,983 - INFO - [21:19:03.983] - Load 342016/468940 {"progress":72}
2023-05-30 21:19:03,999 - INFO - [21:19:03.999] - Load 344064/468940 {"progress":73}
2023-05-30 21:19:04,016 - INFO - [21:19:04.016] - Load 346112/468940 {"progress":73}
2023-05-30 21:19:04,029 - INFO - [21:19:04.028] - Load 348160/468940 {"progress":74}
2023-05-30 21:19:04,045 - INFO - [21:19:04.045] - Load 350208/468940 {"progress":74}
2023-05-30 21:19:04,061 - INFO - [21:19:04.061] - Load 352256/468940 {"progress":75}
2023-05-30 21:19:04,077 - INFO - [21:19:04.077] - Load 354304/468940 {"progress":75}
2023-05-30 21:19:04,095 - INFO - [21:19:04.095] - Load 356352/468940 {"progress":75}
2023-05-30 21:19:04,107 - INFO - [21:19:04.107] - Load 358400/468940 {"progress":76}
2023-05-30 21:19:04,123 - INFO - [21:19:04.123] - Load 360448/468940 {"progress":76}
2023-05-30 21:19:04,139 - INFO - [21:19:04.139] - Load 362496/468940 {"progress":77}
2023-05-30 21:19:04,152 - INFO - [21:19:04.151] - Load 364544/468940 {"progress":77}
2023-05-30 21:19:04,168 - INFO - [21:19:04.168] - Load 366592/468940 {"progress":78}
2023-05-30 21:19:04,184 - INFO - [21:19:04.184] - Load 368640/468940 {"progress":78}
2023-05-30 21:19:04,201 - INFO - [21:19:04.201] - Load 370688/468940 {"progress":79}
2023-05-30 21:19:04,213 - INFO - [21:19:04.213] - Load 372736/468940 {"progress":79}
2023-05-30 21:19:04,229 - INFO - [21:19:04.229] - Load 374784/468940 {"progress":79}
2023-05-30 21:19:04,246 - INFO - [21:19:04.246] - Load 376832/468940 {"progress":80}
2023-05-30 21:19:04,263 - INFO - [21:19:04.263] - Load 378880/468940 {"progress":80}
2023-05-30 21:19:04,281 - INFO - [21:19:04.281] - Load 380928/468940 {"progress":81}
2023-05-30 21:19:04,295 - INFO - [21:19:04.294] - Load 382976/468940 {"progress":81}
2023-05-30 21:19:04,311 - INFO - [21:19:04.310] - Load 385024/468940 {"progress":82}
2023-05-30 21:19:04,327 - INFO - [21:19:04.327] - Load 387072/468940 {"progress":82}
2023-05-30 21:19:04,338 - INFO - [21:19:04.338] - Load 389120/468940 {"progress":82}
2023-05-30 21:19:04,356 - INFO - [21:19:04.355] - Load 391168/468940 {"progress":83}
2023-05-30 21:19:04,372 - INFO - [21:19:04.372] - Load 393216/468940 {"progress":83}
2023-05-30 21:19:04,388 - INFO - [21:19:04.388] - Load 395264/468940 {"progress":84}
2023-05-30 21:19:04,405 - INFO - [21:19:04.405] - Load 397312/468940 {"progress":84}
2023-05-30 21:19:04,417 - INFO - [21:19:04.417] - Load 399360/468940 {"progress":85}
2023-05-30 21:19:04,435 - INFO - [21:19:04.434] - Load 401408/468940 {"progress":85}
2023-05-30 21:19:04,452 - INFO - [21:19:04.451] - Load 403456/468940 {"progress":86}
2023-05-30 21:19:04,468 - INFO - [21:19:04.467] - Load 405504/468940 {"progress":86}
2023-05-30 21:19:04,485 - INFO - [21:19:04.485] - Load 407552/468940 {"progress":86}
2023-05-30 21:19:04,501 - INFO - [21:19:04.501] - Load 409600/468940 {"progress":87}
2023-05-30 21:19:04,517 - INFO - [21:19:04.517] - Load 411648/468940 {"progress":87}
2023-05-30 21:19:04,535 - INFO - [21:19:04.535] - Load 413696/468940 {"progress":88}
2023-05-30 21:19:04,552 - INFO - [21:19:04.552] - Load 415744/468940 {"progress":88}
2023-05-30 21:19:04,564 - INFO - [21:19:04.563] - Load 417792/468940 {"progress":89}
2023-05-30 21:19:04,581 - INFO - [21:19:04.579] - Load 419840/468940 {"progress":89}
2023-05-30 21:19:04,596 - INFO - [21:19:04.596] - Load 421888/468940 {"progress":89}
2023-05-30 21:19:04,613 - INFO - [21:19:04.613] - Load 423936/468940 {"progress":90}
2023-05-30 21:19:04,630 - INFO - [21:19:04.629] - Load 425984/468940 {"progress":90}
2023-05-30 21:19:04,647 - INFO - [21:19:04.647] - Load 428032/468940 {"progress":91}
2023-05-30 21:19:04,660 - INFO - [21:19:04.659] - Load 430080/468940 {"progress":91}
2023-05-30 21:19:04,679 - INFO - [21:19:04.679] - Load 432128/468940 {"progress":92}
2023-05-30 21:19:04,696 - INFO - [21:19:04.696] - Load 434176/468940 {"progress":92}
2023-05-30 21:19:04,723 - INFO - [21:19:04.722] - Load 436224/468940 {"progress":93}
2023-05-30 21:19:04,741 - INFO - [21:19:04.741] - Load 438272/468940 {"progress":93}
2023-05-30 21:19:04,767 - INFO - [21:19:04.767] - Load 440320/468940 {"progress":93}
2023-05-30 21:19:04,786 - INFO - [21:19:04.785] - Load 442368/468940 {"progress":94}
2023-05-30 21:19:04,811 - INFO - [21:19:04.811] - Load 444416/468940 {"progress":94}
2023-05-30 21:19:04,829 - INFO - [21:19:04.829] - Load 446464/468940 {"progress":95}
2023-05-30 21:19:04,846 - INFO - [21:19:04.846] - Load 448512/468940 {"progress":95}
2023-05-30 21:19:04,862 - INFO - [21:19:04.861] - Load 450560/468940 {"progress":96}
2023-05-30 21:19:04,888 - INFO - [21:19:04.888] - Load 452608/468940 {"progress":96}
2023-05-30 21:19:04,908 - INFO - [21:19:04.907] - Load 454656/468940 {"progress":96}
2023-05-30 21:19:04,934 - INFO - [21:19:04.934] - Load 456704/468940 {"progress":97}
2023-05-30 21:19:04,953 - INFO - [21:19:04.953] - Load 458752/468940 {"progress":97}
2023-05-30 21:19:04,978 - INFO - [21:19:04.978] - Load 460800/468940 {"progress":98}
2023-05-30 21:19:04,996 - INFO - [21:19:04.994] - Load 462848/468940 {"progress":98}
2023-05-30 21:19:05,022 - INFO - [21:19:05.022] - Load 464896/468940 {"progress":99}
2023-05-30 21:19:05,039 - INFO - [21:19:05.039] - Load 466944/468940 {"progress":99}
2023-05-30 21:19:05,056 - INFO - [21:19:05.056] - Load 468940/468940 {"progress":100}
2023-05-30 21:19:05,059 - INFO - [21:19:05.059] - Load 468940/468940 {"progress":100}
2023-05-30 21:19:05,059 - INFO - [21:19:05.059] - Write check
2023-05-30 21:19:05,081 - INFO - [21:19:05.081] - Flash load time cost(ms): 3941.207275390625
2023-05-30 21:19:05,082 - INFO - [21:19:05.082] - Finished
2023-05-30 21:19:05,091 - INFO - [21:19:05.091] - Sha caled by host: 647a7cd8b1c5a70761269e0966a74f268f369246ce78a9d1990d55fe5b27492b
2023-05-30 21:19:05,092 - INFO - [21:19:05.091] - xip mode Verify
2023-05-30 21:19:05,748 - INFO - [21:19:05.748] - Read Sha256/792320
2023-05-30 21:19:05,749 - INFO - [21:19:05.748] - Flash xip readsha time cost(ms): 655.919189453125
2023-05-30 21:19:05,749 - INFO - [21:19:05.749] - Finished
2023-05-30 21:19:05,753 - INFO - [21:19:05.753] - Sha caled by dev: 647a7cd8b1c5a70761269e0966a74f268f369246ce78a9d1990d55fe5b27492b
2023-05-30 21:19:05,753 - INFO - [21:19:05.753] - Verify success
2023-05-30 21:19:05,756 - INFO - [21:19:05.756] - Program Finished
2023-05-30 21:19:05,756 - INFO - [21:19:05.756] - All time cost(ms): 8557.916259765625
2023-05-30 21:19:05,857 - INFO - [21:19:05.857] - close interface
2023-05-30 21:19:05,859 - INFO - [21:19:05.859] - [All Success]
2023-05-30 21:33:49,240 - ERROR - [21:33:49.227] - [WinError 3] : 'Z:\\workspace\\bouffalo_sdk_vmg0\\examples\\vmg0\\cam_g0_transmission\\./build/build_out'
2023-05-30 21:33:49,257 - INFO - [21:33:49.256] - Save config success
2023-05-30 21:33:49,269 - ERROR - [21:33:49.268] - [WinError 3] : 'Z:\\workspace\\bouffalo_sdk_vmg0\\examples\\vmg0\\cam_g0_transmission\\./build/build_out'
