2023-07-13 21:36:29,017 - INFO - [21:36:29.017] - Program Start
2023-07-13 21:36:29,018 - INFO - [21:36:29.018] - ========= eflash loader cmd arguments =========
2023-07-13 21:36:29,023 - INFO - [21:36:29.023] - serial port is COM25
2023-07-13 21:36:29,024 - INFO - [21:36:29.024] - chiptype: bl616
2023-07-13 21:36:29,024 - INFO - [21:36:29.024] - cpu_reset=False
2023-07-13 21:36:29,106 - INFO - [21:36:29.106] - com speed: 2000000
2023-07-13 21:36:29,107 - INFO - [21:36:29.106] - ========= Interface is uart =========
2023-07-13 21:36:29,108 - INFO - [21:36:29.108] - Bootrom load
2023-07-13 21:36:29,108 - INFO - [21:36:29.108] - ========= get_boot_info =========
2023-07-13 21:36:29,108 - INFO - [21:36:29.108] - ========= image get bootinfo =========
2023-07-13 21:36:29,398 - INFO - [21:36:29.398] - tx rx and power off, press the machine!
2023-07-13 21:36:29,398 - INFO - [21:36:29.398] - cutoff time is 0.05
2023-07-13 21:36:29,458 - INFO - [21:36:29.458] - power on tx and rx
2023-07-13 21:36:30,434 - INFO - [21:36:30.434] - reset cnt: 0, reset hold: 0.05, shake hand delay: 0.1
2023-07-13 21:36:30,434 - INFO - [21:36:30.434] - clean buf
2023-07-13 21:36:30,436 - INFO - [21:36:30.436] - send sync
2023-07-13 21:36:30,539 - INFO - [21:36:30.539] - ack is b''
2023-07-13 21:36:30,539 - INFO - [21:36:30.539] - retry
2023-07-13 21:36:30,813 - INFO - [21:36:30.813] - tx rx and power off, press the machine!
2023-07-13 21:36:30,813 - INFO - [21:36:30.813] - cutoff time is 0.05
2023-07-13 21:36:30,874 - INFO - [21:36:30.873] - power on tx and rx
2023-07-13 21:36:31,856 - INFO - [21:36:31.856] - reset cnt: 0, reset hold: 0.05, shake hand delay: 0.1
2023-07-13 21:36:31,856 - INFO - [21:36:31.856] - clean buf
2023-07-13 21:36:31,858 - INFO - [21:36:31.858] - send sync
2023-07-13 21:36:31,963 - INFO - [21:36:31.963] - ack is b''
2023-07-13 21:36:31,963 - INFO - [21:36:31.963] - retry
2023-07-13 21:36:32,237 - INFO - [21:36:32.237] - tx rx and power off, press the machine!
2023-07-13 21:36:32,237 - INFO - [21:36:32.237] - cutoff time is 0.05
2023-07-13 21:36:32,298 - INFO - [21:36:32.298] - power on tx and rx
2023-07-13 21:36:33,282 - INFO - [21:36:33.282] - reset cnt: 0, reset hold: 0.05, shake hand delay: 0.1
2023-07-13 21:36:33,283 - INFO - [21:36:33.282] - clean buf
2023-07-13 21:36:33,284 - INFO - [21:36:33.284] - send sync
2023-07-13 21:36:33,389 - INFO - [21:36:33.389] - ack is b''
2023-07-13 21:36:33,389 - INFO - [21:36:33.389] - retry
2023-07-13 21:36:33,391 - ERROR - [21:36:33.391] - shake hand fail
2023-07-13 21:36:33,391 - INFO - [21:36:33.391] - ########################################################################
2023-07-13 21:36:33,391 - INFO - [21:36:33.391] - 请按照以下描述排查问题：
2023-07-13 21:36:33,391 - INFO - [21:36:33.391] - Boot pin是否上拉到板子自身的3.3V，而不是外部的3.3V
2023-07-13 21:36:33,391 - INFO - [21:36:33.391] - UART RX是否连接到USB转串口的TX引脚
2023-07-13 21:36:33,392 - INFO - [21:36:33.392] - UART TX是否连接到USB转串口的RX引脚
2023-07-13 21:36:33,397 - INFO - [21:36:33.397] - 在使用烧录软件进行烧录前，是否在Boot pin拉高的情况下，使用Reset/Chip_En复位了芯片
2023-07-13 21:36:33,398 - INFO - [21:36:33.397] - 烧录软件所选择的COM口，是否是连接芯片的串口
2023-07-13 21:36:33,398 - INFO - [21:36:33.398] - 烧录软件上选择的波特率是否是USB转串口支持的波特率
2023-07-13 21:36:33,398 - INFO - [21:36:33.398] - 3.3V供电是否正常
2023-07-13 21:36:33,398 - INFO - [21:36:33.398] - 板子供电电流是否正常(烧录模式下，芯片耗电电流5-7mA)
2023-07-13 21:36:33,398 - INFO - [21:36:33.398] - ########################################################################
2023-07-13 21:36:33,398 - ERROR - [21:36:33.398] - shake hand fail
2023-07-13 21:36:33,525 - INFO - [21:36:33.525] - ========= ChipID:  =========
2023-07-13 21:36:33,525 - INFO - [21:36:33.525] - Get bootinfo time cost(ms): 4416.56982421875
2023-07-13 21:36:33,526 - ERROR - [21:36:33.526] - {"ErrorCode": "0050","ErrorMsg":"BFLB IMG LOAD SHAKEHAND FAIL"}
2023-07-13 21:36:33,526 - INFO - [21:36:33.526] - Burn Retry
2023-07-13 21:36:33,528 - ERROR - [21:36:33.526] - Burn return with retry fail
2023-07-13 21:36:42,712 - INFO - [21:36:42.712] - Program Start
2023-07-13 21:36:42,713 - INFO - [21:36:42.713] - ========= eflash loader cmd arguments =========
2023-07-13 21:36:42,715 - INFO - [21:36:42.715] - serial port is COM25
2023-07-13 21:36:42,715 - INFO - [21:36:42.715] - chiptype: bl616
2023-07-13 21:36:42,715 - INFO - [21:36:42.715] - cpu_reset=False
2023-07-13 21:36:42,795 - INFO - [21:36:42.794] - com speed: 2000000
2023-07-13 21:36:42,795 - INFO - [21:36:42.795] - ========= Interface is uart =========
2023-07-13 21:36:42,795 - INFO - [21:36:42.795] - Bootrom load
2023-07-13 21:36:42,795 - INFO - [21:36:42.795] - ========= get_boot_info =========
2023-07-13 21:36:42,795 - INFO - [21:36:42.795] - ========= image get bootinfo =========
2023-07-13 21:36:43,068 - INFO - [21:36:43.068] - tx rx and power off, press the machine!
2023-07-13 21:36:43,068 - INFO - [21:36:43.068] - cutoff time is 0.05
2023-07-13 21:36:43,129 - INFO - [21:36:43.128] - power on tx and rx
2023-07-13 21:36:44,114 - INFO - [21:36:44.114] - reset cnt: 0, reset hold: 0.05, shake hand delay: 0.1
2023-07-13 21:36:44,114 - INFO - [21:36:44.114] - clean buf
2023-07-13 21:36:44,116 - INFO - [21:36:44.116] - send sync
2023-07-13 21:36:44,219 - INFO - [21:36:44.219] - ack is b''
2023-07-13 21:36:44,219 - INFO - [21:36:44.219] - retry
2023-07-13 21:36:44,490 - INFO - [21:36:44.490] - tx rx and power off, press the machine!
2023-07-13 21:36:44,491 - INFO - [21:36:44.491] - cutoff time is 0.05
2023-07-13 21:36:44,550 - INFO - [21:36:44.550] - power on tx and rx
2023-07-13 21:36:45,530 - INFO - [21:36:45.530] - reset cnt: 0, reset hold: 0.05, shake hand delay: 0.1
2023-07-13 21:36:45,531 - INFO - [21:36:45.530] - clean buf
2023-07-13 21:36:45,533 - INFO - [21:36:45.533] - send sync
2023-07-13 21:36:45,635 - INFO - [21:36:45.635] - ack is b''
2023-07-13 21:36:45,635 - INFO - [21:36:45.635] - retry
2023-07-13 21:36:45,907 - INFO - [21:36:45.907] - tx rx and power off, press the machine!
2023-07-13 21:36:45,907 - INFO - [21:36:45.907] - cutoff time is 0.05
2023-07-13 21:36:45,968 - INFO - [21:36:45.968] - power on tx and rx
2023-07-13 21:36:46,950 - INFO - [21:36:46.950] - reset cnt: 0, reset hold: 0.05, shake hand delay: 0.1
2023-07-13 21:36:46,951 - INFO - [21:36:46.951] - clean buf
2023-07-13 21:36:46,952 - INFO - [21:36:46.952] - send sync
2023-07-13 21:36:47,055 - INFO - [21:36:47.055] - ack is b''
2023-07-13 21:36:47,055 - INFO - [21:36:47.055] - retry
2023-07-13 21:36:47,056 - ERROR - [21:36:47.056] - shake hand fail
2023-07-13 21:36:47,056 - INFO - [21:36:47.056] - ########################################################################
2023-07-13 21:36:47,056 - INFO - [21:36:47.056] - 请按照以下描述排查问题：
2023-07-13 21:36:47,056 - INFO - [21:36:47.056] - Boot pin是否上拉到板子自身的3.3V，而不是外部的3.3V
2023-07-13 21:36:47,056 - INFO - [21:36:47.056] - UART RX是否连接到USB转串口的TX引脚
2023-07-13 21:36:47,057 - INFO - [21:36:47.056] - UART TX是否连接到USB转串口的RX引脚
2023-07-13 21:36:47,057 - INFO - [21:36:47.057] - 在使用烧录软件进行烧录前，是否在Boot pin拉高的情况下，使用Reset/Chip_En复位了芯片
2023-07-13 21:36:47,057 - INFO - [21:36:47.057] - 烧录软件所选择的COM口，是否是连接芯片的串口
2023-07-13 21:36:47,057 - INFO - [21:36:47.057] - 烧录软件上选择的波特率是否是USB转串口支持的波特率
2023-07-13 21:36:47,057 - INFO - [21:36:47.057] - 3.3V供电是否正常
2023-07-13 21:36:47,057 - INFO - [21:36:47.057] - 板子供电电流是否正常(烧录模式下，芯片耗电电流5-7mA)
2023-07-13 21:36:47,057 - INFO - [21:36:47.057] - ########################################################################
2023-07-13 21:36:47,057 - ERROR - [21:36:47.057] - shake hand fail
2023-07-13 21:36:47,177 - INFO - [21:36:47.177] - ========= ChipID:  =========
2023-07-13 21:36:47,177 - INFO - [21:36:47.177] - Get bootinfo time cost(ms): 4382.068359375
2023-07-13 21:36:47,177 - ERROR - [21:36:47.177] - {"ErrorCode": "0050","ErrorMsg":"BFLB IMG LOAD SHAKEHAND FAIL"}
2023-07-13 21:36:47,177 - INFO - [21:36:47.177] - Burn Retry
2023-07-13 21:36:47,179 - ERROR - [21:36:47.177] - Burn return with retry fail
2023-07-13 21:36:54,743 - INFO - [21:36:54.743] - Program Start
2023-07-13 21:36:54,744 - INFO - [21:36:54.743] - ========= eflash loader cmd arguments =========
2023-07-13 21:36:54,747 - INFO - [21:36:54.746] - serial port is COM25
2023-07-13 21:36:54,747 - INFO - [21:36:54.747] - chiptype: bl808
2023-07-13 21:36:54,747 - INFO - [21:36:54.747] - cpu_reset=False
2023-07-13 21:36:54,817 - INFO - [21:36:54.817] - com speed: 2000000
2023-07-13 21:36:54,819 - INFO - [21:36:54.819] - ========= Interface is uart =========
2023-07-13 21:36:54,819 - INFO - [21:36:54.819] - Bootrom load
2023-07-13 21:36:54,819 - INFO - [21:36:54.819] - ========= get_boot_info =========
2023-07-13 21:36:54,819 - INFO - [21:36:54.819] - ========= image get bootinfo =========
2023-07-13 21:36:55,103 - INFO - [21:36:55.103] - tx rx and power off, press the machine!
2023-07-13 21:36:55,104 - INFO - [21:36:55.103] - cutoff time is 0.05
2023-07-13 21:36:55,163 - INFO - [21:36:55.163] - power on tx and rx
2023-07-13 21:36:56,143 - INFO - [21:36:56.143] - reset cnt: 0, reset hold: 0.05, shake hand delay: 0.1
2023-07-13 21:36:56,143 - INFO - [21:36:56.143] - clean buf
2023-07-13 21:36:56,145 - INFO - [21:36:56.145] - send sync
2023-07-13 21:36:56,659 - INFO - [21:36:56.659] - ack is b'4f4b'
2023-07-13 21:36:56,659 - INFO - [21:36:56.659] - shake hand success
2023-07-13 21:36:57,181 - INFO - [21:36:57.181] - data read is b'01000808000000008b148102740f0042e8b49e002ff4fb18'
2023-07-13 21:36:57,181 - INFO - [21:36:57.181] - ========= ChipID: b4e842000f74 =========
2023-07-13 21:36:57,181 - INFO - [21:36:57.181] - Get bootinfo time cost(ms): 2361.558837890625
2023-07-13 21:36:57,182 - INFO - [21:36:57.181] - clock para file: D:\BouffaloLabWS\bouffalo_flash_cube\v1.0.7\chips/bl808/efuse_bootheader/clock_para.bin
2023-07-13 21:36:57,185 - INFO - [21:36:57.185] - change bdrate: 2000000
2023-07-13 21:36:57,185 - INFO - [21:36:57.185] - Clock PLL set
2023-07-13 21:36:57,198 - INFO - [21:36:57.198] - Set clock time cost(ms): 12.8994140625
2023-07-13 21:36:57,323 - INFO - [21:36:57.323] - Read mac addr
2023-07-13 21:36:57,326 - INFO - [21:36:57.325] - MACADDR: b4e842000f74
2023-07-13 21:36:57,326 - INFO - [21:36:57.326] - flash set para
2023-07-13 21:36:57,326 - INFO - [21:36:57.326] - get flash pin cfg from bootinfo: 0x04
2023-07-13 21:36:57,326 - INFO - [21:36:57.326] - set flash cfg: 14104
2023-07-13 21:36:57,326 - INFO - [21:36:57.326] - Set flash config
2023-07-13 21:36:57,341 - INFO - [21:36:57.341] - Set para time cost(ms): 15.266357421875
2023-07-13 21:36:57,342 - INFO - [21:36:57.342] - ========= flash read jedec ID =========
2023-07-13 21:36:57,357 - INFO - [21:36:57.357] - Read flash jedec ID
2023-07-13 21:36:57,358 - INFO - [21:36:57.358] - readdata:
2023-07-13 21:36:57,358 - INFO - [21:36:57.358] - b'c8651800'
2023-07-13 21:36:57,358 - INFO - [21:36:57.358] - Finished
2023-07-13 21:36:57,359 - INFO - [21:36:57.359] - flash config Not found,use default
2023-07-13 21:36:57,359 - INFO - [21:36:57.359] - jedec_id:c86518
2023-07-13 21:36:57,359 - INFO - [21:36:57.359] - capacity_id:24
2023-07-13 21:36:57,359 - INFO - [21:36:57.359] - capacity:16.0M
2023-07-13 21:36:57,359 - INFO - [21:36:57.359] - get flash size: 0x01000000
2023-07-13 21:36:57,359 - INFO - [21:36:57.359] - Program operation
2023-07-13 21:36:57,370 - INFO - [21:36:57.369] - Dealing Index 0
2023-07-13 21:36:57,370 - INFO - [21:36:57.370] - ========= programming Z:\BouffalolabWS\bouffalo_sdk_all\chiptest\bl808\low_load_for_linux\.\low_load_m0\build\build_out\low_load_bl808_m0.bin to 0x000000
2023-07-13 21:36:57,374 - INFO - [21:36:57.374] - flash para file: D:\BouffaloLabWS\bouffalo_flash_cube\v1.0.7\chips/bl808/efuse_bootheader/flash_para.bin
2023-07-13 21:36:57,376 - INFO - [21:36:57.376] - Set flash config
2023-07-13 21:36:57,389 - INFO - [21:36:57.389] - Set para time cost(ms): 13.033935546875
2023-07-13 21:36:57,389 - INFO - [21:36:57.389] - ========= flash load =========
2023-07-13 21:36:57,394 - INFO - [21:36:57.394] - ========= flash read =========
2023-07-13 21:36:57,432 - INFO - [21:36:57.431] - Read 4096/4096
2023-07-13 21:36:57,432 - INFO - [21:36:57.432] - Flash read time cost(ms): 38.26025390625
2023-07-13 21:36:57,432 - INFO - [21:36:57.432] - Finished
2023-07-13 21:36:57,436 - INFO - [21:36:57.436] - ========= flash erase =========
2023-07-13 21:36:57,437 - INFO - [21:36:57.437] - Erase flash  from 0x0 to 0xd16f
2023-07-13 21:36:57,755 - INFO - [21:36:57.751] - Erase time cost(ms): 314.384521484375
2023-07-13 21:36:57,774 - INFO - [21:36:57.773] - decompress flash load 28372
2023-07-13 21:36:57,799 - INFO - [21:36:57.799] - Load 4096/28372 {"progress":14}
2023-07-13 21:36:57,847 - INFO - [21:36:57.847] - Load 8192/28372 {"progress":28}
2023-07-13 21:36:57,879 - INFO - [21:36:57.879] - Load 12288/28372 {"progress":43}
2023-07-13 21:36:57,928 - INFO - [21:36:57.927] - Load 16384/28372 {"progress":57}
2023-07-13 21:36:57,976 - INFO - [21:36:57.976] - Load 20480/28372 {"progress":72}
2023-07-13 21:36:58,008 - INFO - [21:36:58.008] - Load 24576/28372 {"progress":86}
2023-07-13 21:36:58,055 - INFO - [21:36:58.055] - Load 28372/28372 {"progress":100}
2023-07-13 21:36:58,055 - INFO - [21:36:58.055] - Load 28372/28372 {"progress":100}
2023-07-13 21:36:58,056 - INFO - [21:36:58.056] - Write check
2023-07-13 21:36:58,104 - INFO - [21:36:58.104] - Flash load time cost(ms): 346.60791015625
2023-07-13 21:36:58,105 - INFO - [21:36:58.104] - Finished
2023-07-13 21:36:58,108 - INFO - [21:36:58.108] - Sha caled by host: 4ebaa069807e70136cb0a41bc12c7e2d7aac733c81952ba58aa0cf3d22321fd7
2023-07-13 21:36:58,109 - INFO - [21:36:58.109] - xip mode Verify
2023-07-13 21:36:58,167 - INFO - [21:36:58.167] - Read Sha256/53616
2023-07-13 21:36:58,168 - INFO - [21:36:58.168] - Flash xip readsha time cost(ms): 49.174560546875
2023-07-13 21:36:58,168 - INFO - [21:36:58.168] - Finished
2023-07-13 21:36:58,183 - INFO - [21:36:58.183] - Sha caled by dev: 4ebaa069807e70136cb0a41bc12c7e2d7aac733c81952ba58aa0cf3d22321fd7
2023-07-13 21:36:58,183 - INFO - [21:36:58.183] - Verify success
2023-07-13 21:36:58,191 - INFO - [21:36:58.191] - Dealing Index 1
2023-07-13 21:36:58,192 - INFO - [21:36:58.192] - ========= programming Z:\BouffalolabWS\bouffalo_sdk_all\chiptest\bl808\low_load_for_linux\.\low_load_d0\build\build_out\low_load_bl808_d0.bin to 0x52000
2023-07-13 21:36:58,195 - INFO - [21:36:58.195] - flash para file: D:\BouffaloLabWS\bouffalo_flash_cube\v1.0.7\chips/bl808/efuse_bootheader/flash_para.bin
2023-07-13 21:36:58,196 - INFO - [21:36:58.196] - Set flash config
2023-07-13 21:36:58,199 - INFO - [21:36:58.199] - Set para time cost(ms): 2.998291015625
2023-07-13 21:36:58,199 - INFO - [21:36:58.199] - ========= flash load =========
2023-07-13 21:36:58,206 - INFO - [21:36:58.206] - ========= flash erase =========
2023-07-13 21:36:58,207 - INFO - [21:36:58.207] - Erase flash  from 0x52000 to 0x5936f
2023-07-13 21:36:58,488 - INFO - [21:36:58.487] - Erase time cost(ms): 279.495361328125
2023-07-13 21:36:58,500 - INFO - [21:36:58.499] - decompress flash load 14540
2023-07-13 21:36:58,536 - INFO - [21:36:58.535] - Load 4096/14540 {"progress":28}
2023-07-13 21:36:58,584 - INFO - [21:36:58.583] - Load 8192/14540 {"progress":56}
2023-07-13 21:36:58,615 - INFO - [21:36:58.615] - Load 12288/14540 {"progress":84}
2023-07-13 21:36:58,664 - INFO - [21:36:58.664] - Load 14540/14540 {"progress":100}
2023-07-13 21:36:58,664 - INFO - [21:36:58.664] - Load 14540/14540 {"progress":100}
2023-07-13 21:36:58,664 - INFO - [21:36:58.664] - Write check
2023-07-13 21:36:58,696 - INFO - [21:36:58.696] - Flash load time cost(ms): 207.470458984375
2023-07-13 21:36:58,697 - INFO - [21:36:58.697] - Finished
2023-07-13 21:36:58,700 - INFO - [21:36:58.700] - Sha caled by host: 4013d3dda36ee10547f1f52897dfa208bcc0a214aa03ed6ff72346a2ee1cfd01
2023-07-13 21:36:58,701 - INFO - [21:36:58.700] - xip mode Verify
2023-07-13 21:36:58,743 - INFO - [21:36:58.743] - Read Sha256/29552
2023-07-13 21:36:58,744 - INFO - [21:36:58.744] - Flash xip readsha time cost(ms): 32.862060546875
2023-07-13 21:36:58,744 - INFO - [21:36:58.744] - Finished
2023-07-13 21:36:58,760 - INFO - [21:36:58.759] - Sha caled by dev: 4013d3dda36ee10547f1f52897dfa208bcc0a214aa03ed6ff72346a2ee1cfd01
2023-07-13 21:36:58,761 - INFO - [21:36:58.761] - Verify success
2023-07-13 21:36:58,766 - INFO - [21:36:58.766] - Program Finished
2023-07-13 21:36:58,766 - INFO - [21:36:58.766] - All time cost(ms): 4023.073974609375
2023-07-13 21:36:58,975 - INFO - [21:36:58.975] - close interface
2023-07-13 21:36:58,975 - INFO - [21:36:58.975] - [All Success]
2023-07-13 21:37:01,189 - INFO - [21:37:01.188] - serial type is general
2023-07-13 21:37:01,239 - INFO - [21:37:01.238] - Open COM25 Success
2023-07-13 21:37:03,209 - INFO - [21:37:03.209] -   ____               __  __      _       _       _
2023-07-13 21:37:03,210 - INFO - [21:37:03.210] -  |  _ \             / _|/ _|    | |     | |     | |
2023-07-13 21:37:03,211 - INFO - [21:37:03.211] -  | |_) | ___  _   _| |_| |_ __ _| | ___ | | __ _| |__
2023-07-13 21:37:03,213 - INFO - [21:37:03.213] -  |  _ < / _ \| | | |  _|  _/ _` | |/ _ \| |/ _` | '_ \
2023-07-13 21:37:03,214 - INFO - [21:37:03.214] -  | |_) | (_) | |_| | | | || (_| | | (_) | | (_| | |_) |
2023-07-13 21:37:03,214 - INFO - [21:37:03.214] -  |____/ \___/ \__,_|_| |_| \__,_|_|\___/|_|\__,_|_.__/
2023-07-13 21:37:03,214 - INFO - [21:37:03.214] - Build:21:13:13,Jul 13 2023
2023-07-13 21:37:03,217 - INFO - [21:37:03.217] - Copyright (c) 2022 Bouffalolab team
2023-07-13 21:37:03,217 - INFO - [21:37:03.217] - ======== flash cfg ========
2023-07-13 21:37:03,217 - INFO - [21:37:03.217] - flash size 0x01000000
2023-07-13 21:37:03,218 - INFO - [21:37:03.218] - jedec id     0xC86518
2023-07-13 21:37:03,218 - INFO - [21:37:03.218] - mid              0xC8
2023-07-13 21:37:03,218 - INFO - [21:37:03.218] - iomode           0x04
2023-07-13 21:37:03,219 - INFO - [21:37:03.219] - clk delay        0x01
2023-07-13 21:37:03,221 - INFO - [21:37:03.221] - clk invert       0x01
2023-07-13 21:37:03,221 - INFO - [21:37:03.221] - read reg cmd0    0x05
2023-07-13 21:37:03,222 - INFO - [21:37:03.222] - read reg cmd1    0x35
2023-07-13 21:37:03,222 - INFO - [21:37:03.222] - write reg cmd0   0x01
2023-07-13 21:37:03,224 - INFO - [21:37:03.224] - write reg cmd1   0x31
2023-07-13 21:37:03,224 - INFO - [21:37:03.224] - qe write len     0x01
2023-07-13 21:37:03,224 - INFO - [21:37:03.224] - cread support    0x01
2023-07-13 21:37:03,225 - INFO - [21:37:03.225] - cread code       0x20
2023-07-13 21:37:03,226 - INFO - [21:37:03.226] - burst wrap cmd   0x77
2023-07-13 21:37:03,226 - INFO - [21:37:03.226] - ===========================
2023-07-13 21:37:03,227 - INFO - [21:37:03.227] - dynamic memory init success,heap size = 21 Kbyte
2023-07-13 21:37:03,230 - INFO - [21:37:03.229] - sig1:ffff32ff
2023-07-13 21:37:03,230 - INFO - [21:37:03.230] - sig2:0000ffff
2023-07-13 21:37:03,230 - INFO - [21:37:03.230] - E907 start... size_t:4
2023-07-13 21:37:03,230 - INFO - [21:37:03.230] - mtimer clk:1000000
2023-07-13 21:37:10,002 - INFO - [21:37:10.001] -   ____               __  __      _       _       _
2023-07-13 21:37:10,003 - INFO - [21:37:10.003] -  |  _ \             / _|/ _|    | |     | |     | |
2023-07-13 21:37:10,004 - INFO - [21:37:10.004] -  | |_) | ___  _   _| |_| |_ __ _| | ___ | | __ _| |__
2023-07-13 21:37:10,004 - INFO - [21:37:10.004] -  |  _ < / _ \| | | |  _|  _/ _` | |/ _ \| |/ _` | '_ \
2023-07-13 21:37:10,006 - INFO - [21:37:10.006] -  | |_) | (_) | |_| | | | || (_| | | (_) | | (_| | |_) |
2023-07-13 21:37:10,006 - INFO - [21:37:10.006] -  |____/ \___/ \__,_|_| |_| \__,_|_|\___/|_|\__,_|_.__/
2023-07-13 21:37:10,008 - INFO - [21:37:10.008] - Build:21:13:13,Jul 13 2023
2023-07-13 21:37:10,008 - INFO - [21:37:10.008] - Copyright (c) 2022 Bouffalolab team
2023-07-13 21:37:10,009 - INFO - [21:37:10.009] - ======== flash cfg ========
2023-07-13 21:37:10,010 - INFO - [21:37:10.010] - flash size 0x01000000
2023-07-13 21:37:10,011 - INFO - [21:37:10.011] - jedec id     0xC86518
2023-07-13 21:37:10,012 - INFO - [21:37:10.012] - mid              0xC8
2023-07-13 21:37:10,012 - INFO - [21:37:10.012] - iomode           0x04
2023-07-13 21:37:10,012 - INFO - [21:37:10.012] - clk delay        0x01
2023-07-13 21:37:10,012 - INFO - [21:37:10.012] - clk invert       0x01
2023-07-13 21:37:10,012 - INFO - [21:37:10.012] - read reg cmd0    0x05
2023-07-13 21:37:10,013 - INFO - [21:37:10.013] - read reg cmd1    0x35
2023-07-13 21:37:10,016 - INFO - [21:37:10.016] - write reg cmd0   0x01
2023-07-13 21:37:10,016 - INFO - [21:37:10.016] - write reg cmd1   0x31
2023-07-13 21:37:10,016 - INFO - [21:37:10.016] - qe write len     0x01
2023-07-13 21:37:10,016 - INFO - [21:37:10.016] - cread support    0x01
2023-07-13 21:37:10,018 - INFO - [21:37:10.018] - cread code       0x20
2023-07-13 21:37:10,018 - INFO - [21:37:10.018] - burst wrap cmd   0x77
2023-07-13 21:37:10,019 - INFO - [21:37:10.019] - ===========================
2023-07-13 21:37:10,021 - INFO - [21:37:10.021] - dynamic memory init success,heap size = 21 Kbyte
2023-07-13 21:37:10,021 - INFO - [21:37:10.021] - sig1:ffff32ff
2023-07-13 21:37:10,021 - INFO - [21:37:10.021] - sig2:0000ffff
2023-07-13 21:37:10,022 - INFO - [21:37:10.022] - E907 start... size_t:4
2023-07-13 21:37:10,023 - INFO - [21:37:10.023] - mtimer clk:1000000
2023-07-13 21:37:14,392 - INFO - [21:37:14.391] - Close COM25 Success
2023-07-14 02:30:07,169 - INFO - [02:30:07.150] - Save config success
